<?xml version="1.0" encoding="UTF-8"?>
<testsuite xmlns:xsi="http://www.w3.org/2001/XMLSchema-instance" xsi:noNamespaceSchemaLocation="https://maven.apache.org/surefire/maven-surefire-plugin/xsd/surefire-test-report-3.0.xsd" version="3.0" name="edu.uci.ics.fuzzyjoin.hadoop.test.FuzzyRSJoinTest" time="12.831" tests="8" errors="0" skipped="0" failures="0">
  <properties>
    <property name="awt.toolkit" value="sun.awt.X11.XToolkit"/>
    <property name="java.specification.version" value="11"/>
    <property name="sun.cpu.isalist" value=""/>
    <property name="sun.jnu.encoding" value="UTF-8"/>
    <property name="java.class.path" value="/home/clemgi/4IF/stage/fuzzy-join_vernica-join/fuzzyjoin-0.0.2/fuzzyjoin-hadoop/target/test-classes:/home/clemgi/4IF/stage/fuzzy-join_vernica-join/fuzzyjoin-0.0.2/fuzzyjoin-hadoop/target/classes:/home/clemgi/.m2/repository/org/apache/hadoop/hadoop-core/0.20.2/hadoop-core-0.20.2.jar:/home/clemgi/.m2/repository/commons-cli/commons-cli/1.2/commons-cli-1.2.jar:/home/clemgi/.m2/repository/xmlenc/xmlenc/0.52/xmlenc-0.52.jar:/home/clemgi/.m2/repository/commons-httpclient/commons-httpclient/3.0.1/commons-httpclient-3.0.1.jar:/home/clemgi/.m2/repository/commons-logging/commons-logging/1.0.3/commons-logging-1.0.3.jar:/home/clemgi/.m2/repository/commons-codec/commons-codec/1.3/commons-codec-1.3.jar:/home/clemgi/.m2/repository/commons-net/commons-net/1.4.1/commons-net-1.4.1.jar:/home/clemgi/.m2/repository/org/mortbay/jetty/jetty/6.1.14/jetty-6.1.14.jar:/home/clemgi/.m2/repository/org/mortbay/jetty/jetty-util/6.1.14/jetty-util-6.1.14.jar:/home/clemgi/.m2/repository/tomcat/jasper-runtime/5.5.12/jasper-runtime-5.5.12.jar:/home/clemgi/.m2/repository/tomcat/jasper-compiler/5.5.12/jasper-compiler-5.5.12.jar:/home/clemgi/.m2/repository/org/mortbay/jetty/jsp-api-2.1/6.1.14/jsp-api-2.1-6.1.14.jar:/home/clemgi/.m2/repository/org/mortbay/jetty/jsp-2.1/6.1.14/jsp-2.1-6.1.14.jar:/home/clemgi/.m2/repository/ant/ant/1.6.5/ant-1.6.5.jar:/home/clemgi/.m2/repository/commons-el/commons-el/1.0/commons-el-1.0.jar:/home/clemgi/.m2/repository/net/java/dev/jets3t/jets3t/0.7.1/jets3t-0.7.1.jar:/home/clemgi/.m2/repository/org/mortbay/jetty/servlet-api-2.5/6.1.14/servlet-api-2.5-6.1.14.jar:/home/clemgi/.m2/repository/net/sf/kosmosfs/kfs/0.3/kfs-0.3.jar:/home/clemgi/.m2/repository/junit/junit/4.5/junit-4.5.jar:/home/clemgi/.m2/repository/hsqldb/hsqldb/1.8.0.10/hsqldb-1.8.0.10.jar:/home/clemgi/.m2/repository/oro/oro/2.0.8/oro-2.0.8.jar:/home/clemgi/.m2/repository/org/eclipse/jdt/core/3.1.1/core-3.1.1.jar:/home/clemgi/4IF/stage/fuzzy-join_vernica-join/fuzzyjoin-0.0.2/fuzzyjoin-core/target/fuzzyjoin-core-0.0.2.jar:/home/clemgi/4IF/stage/fuzzy-join_vernica-join/fuzzyjoin-0.0.2/fuzzyjoin-core/target/fuzzyjoin-core-0.0.2-tests.jar:"/>
    <property name="java.vm.vendor" value="Ubuntu"/>
    <property name="sun.arch.data.model" value="64"/>
    <property name="java.vendor.url" value="https://ubuntu.com/"/>
    <property name="user.timezone" value=""/>
    <property name="java.vm.specification.version" value="11"/>
    <property name="os.name" value="Linux"/>
    <property name="sun.java.launcher" value="SUN_STANDARD"/>
    <property name="sun.boot.library.path" value="/usr/lib/jvm/java-11-openjdk-amd64/lib"/>
    <property name="sun.java.command" value="/home/clemgi/4IF/stage/fuzzy-join_vernica-join/fuzzyjoin-0.0.2/fuzzyjoin-hadoop/target/surefire/surefirebooter-20240813110450550_6.jar /home/clemgi/4IF/stage/fuzzy-join_vernica-join/fuzzyjoin-0.0.2/fuzzyjoin-hadoop/target/surefire 2024-08-13T11-04-48_319-jvmRun1 surefire-20240813110450550_4tmp surefire_1-20240813110450550_5tmp"/>
    <property name="jdk.debug" value="release"/>
    <property name="surefire.test.class.path" value="/home/clemgi/4IF/stage/fuzzy-join_vernica-join/fuzzyjoin-0.0.2/fuzzyjoin-hadoop/target/test-classes:/home/clemgi/4IF/stage/fuzzy-join_vernica-join/fuzzyjoin-0.0.2/fuzzyjoin-hadoop/target/classes:/home/clemgi/.m2/repository/org/apache/hadoop/hadoop-core/0.20.2/hadoop-core-0.20.2.jar:/home/clemgi/.m2/repository/commons-cli/commons-cli/1.2/commons-cli-1.2.jar:/home/clemgi/.m2/repository/xmlenc/xmlenc/0.52/xmlenc-0.52.jar:/home/clemgi/.m2/repository/commons-httpclient/commons-httpclient/3.0.1/commons-httpclient-3.0.1.jar:/home/clemgi/.m2/repository/commons-logging/commons-logging/1.0.3/commons-logging-1.0.3.jar:/home/clemgi/.m2/repository/commons-codec/commons-codec/1.3/commons-codec-1.3.jar:/home/clemgi/.m2/repository/commons-net/commons-net/1.4.1/commons-net-1.4.1.jar:/home/clemgi/.m2/repository/org/mortbay/jetty/jetty/6.1.14/jetty-6.1.14.jar:/home/clemgi/.m2/repository/org/mortbay/jetty/jetty-util/6.1.14/jetty-util-6.1.14.jar:/home/clemgi/.m2/repository/tomcat/jasper-runtime/5.5.12/jasper-runtime-5.5.12.jar:/home/clemgi/.m2/repository/tomcat/jasper-compiler/5.5.12/jasper-compiler-5.5.12.jar:/home/clemgi/.m2/repository/org/mortbay/jetty/jsp-api-2.1/6.1.14/jsp-api-2.1-6.1.14.jar:/home/clemgi/.m2/repository/org/mortbay/jetty/jsp-2.1/6.1.14/jsp-2.1-6.1.14.jar:/home/clemgi/.m2/repository/ant/ant/1.6.5/ant-1.6.5.jar:/home/clemgi/.m2/repository/commons-el/commons-el/1.0/commons-el-1.0.jar:/home/clemgi/.m2/repository/net/java/dev/jets3t/jets3t/0.7.1/jets3t-0.7.1.jar:/home/clemgi/.m2/repository/org/mortbay/jetty/servlet-api-2.5/6.1.14/servlet-api-2.5-6.1.14.jar:/home/clemgi/.m2/repository/net/sf/kosmosfs/kfs/0.3/kfs-0.3.jar:/home/clemgi/.m2/repository/junit/junit/4.5/junit-4.5.jar:/home/clemgi/.m2/repository/hsqldb/hsqldb/1.8.0.10/hsqldb-1.8.0.10.jar:/home/clemgi/.m2/repository/oro/oro/2.0.8/oro-2.0.8.jar:/home/clemgi/.m2/repository/org/eclipse/jdt/core/3.1.1/core-3.1.1.jar:/home/clemgi/4IF/stage/fuzzy-join_vernica-join/fuzzyjoin-0.0.2/fuzzyjoin-core/target/fuzzyjoin-core-0.0.2.jar:/home/clemgi/4IF/stage/fuzzy-join_vernica-join/fuzzyjoin-0.0.2/fuzzyjoin-core/target/fuzzyjoin-core-0.0.2-tests.jar:"/>
    <property name="sun.cpu.endian" value="little"/>
    <property name="user.home" value="/home/clemgi"/>
    <property name="user.language" value="en"/>
    <property name="java.specification.vendor" value="Oracle Corporation"/>
    <property name="java.version.date" value="2024-04-16"/>
    <property name="java.home" value="/usr/lib/jvm/java-11-openjdk-amd64"/>
    <property name="file.separator" value="/"/>
    <property name="basedir" value="/home/clemgi/4IF/stage/fuzzy-join_vernica-join/fuzzyjoin-0.0.2/fuzzyjoin-hadoop"/>
    <property name="java.vm.compressedOopsMode" value="32-bit"/>
    <property name="line.separator" value="&#10;"/>
    <property name="java.specification.name" value="Java Platform API Specification"/>
    <property name="java.vm.specification.vendor" value="Oracle Corporation"/>
    <property name="java.awt.graphicsenv" value="sun.awt.X11GraphicsEnvironment"/>
    <property name="surefire.real.class.path" value="/home/clemgi/4IF/stage/fuzzy-join_vernica-join/fuzzyjoin-0.0.2/fuzzyjoin-hadoop/target/surefire/surefirebooter-20240813110450550_6.jar"/>
    <property name="sun.management.compiler" value="HotSpot 64-Bit Tiered Compilers"/>
    <property name="java.runtime.version" value="11.0.23+9-post-Ubuntu-1ubuntu120.04.2"/>
    <property name="user.name" value="clemgi"/>
    <property name="path.separator" value=":"/>
    <property name="os.version" value="5.15.153.1-microsoft-standard-WSL2"/>
    <property name="java.runtime.name" value="OpenJDK Runtime Environment"/>
    <property name="file.encoding" value="UTF-8"/>
    <property name="java.vm.name" value="OpenJDK 64-Bit Server VM"/>
    <property name="localRepository" value="/home/clemgi/.m2/repository"/>
    <property name="java.vendor.url.bug" value="https://bugs.launchpad.net/ubuntu/+source/openjdk-lts"/>
    <property name="java.io.tmpdir" value="/tmp"/>
    <property name="java.version" value="11.0.23"/>
    <property name="user.dir" value="/home/clemgi/4IF/stage/fuzzy-join_vernica-join/fuzzyjoin-0.0.2/fuzzyjoin-hadoop"/>
    <property name="os.arch" value="amd64"/>
    <property name="java.vm.specification.name" value="Java Virtual Machine Specification"/>
    <property name="java.awt.printerjob" value="sun.print.PSPrinterJob"/>
    <property name="sun.os.patch.level" value="unknown"/>
    <property name="java.library.path" value="/usr/java/packages/lib:/usr/lib/x86_64-linux-gnu/jni:/lib/x86_64-linux-gnu:/usr/lib/x86_64-linux-gnu:/usr/lib/jni:/lib:/usr/lib"/>
    <property name="java.vm.info" value="mixed mode, sharing"/>
    <property name="java.vendor" value="Ubuntu"/>
    <property name="java.vm.version" value="11.0.23+9-post-Ubuntu-1ubuntu120.04.2"/>
    <property name="java.specification.maintenance.version" value="2"/>
    <property name="sun.io.unicode.encoding" value="UnicodeLittle"/>
    <property name="java.class.version" value="55.0"/>
  </properties>
  <testcase name="test020" classname="edu.uci.ics.fuzzyjoin.hadoop.test.FuzzyRSJoinTest" time="2.403">
    <system-out><![CDATA[FuzzyJoinDriver(RecordBalance)
  Input Path:  {file:/home/clemgi/4IF/stage/fuzzy-join_vernica-join/fuzzyjoin-0.0.2/data/pub-small/recordsbulk.dblp-000}
  Output Path: file:/home/clemgi/4IF/stage/fuzzy-join_vernica-join/fuzzyjoin-0.0.2/data/pub-small/records.dblp-000
  Map Jobs:    2
  Reduce Jobs: 1
  Properties:  {fuzzyjoin.similarity.name=Jaccard
                fuzzyjoin.similarity.threshold=0.5
                fuzzyjoin.tokenizer=Word
                fuzzyjoin.tokens.package=Scalar
                fuzzyjoin.tokens.lengthstats=false
                fuzzyjoin.ridpairs.group.class=TokenIdentity
                fuzzyjoin.ridpairs.group.factor=1
                fuzzyjoin.data.tokens=
                fuzzyjoin.data.joinindex=}
Job started: Tue Aug 13 11:04:50 CEST 2024
Job ended: Tue Aug 13 11:04:52 CEST 2024
The job took 1.187 seconds.
FuzzyJoinDriver(RecordBalance)
  Input Path:  {file:/home/clemgi/4IF/stage/fuzzy-join_vernica-join/fuzzyjoin-0.0.2/data/pub-small/recordsbulk.csx-000}
  Output Path: file:/home/clemgi/4IF/stage/fuzzy-join_vernica-join/fuzzyjoin-0.0.2/data/pub-small/records.csx-000
  Map Jobs:    2
  Reduce Jobs: 1
  Properties:  {fuzzyjoin.similarity.name=Jaccard
                fuzzyjoin.similarity.threshold=0.5
                fuzzyjoin.tokenizer=Word
                fuzzyjoin.tokens.package=Scalar
                fuzzyjoin.tokens.lengthstats=false
                fuzzyjoin.ridpairs.group.class=TokenIdentity
                fuzzyjoin.ridpairs.group.factor=1
                fuzzyjoin.data.tokens=
                fuzzyjoin.data.joinindex=}
Job started: Tue Aug 13 11:04:52 CEST 2024
Job ended: Tue Aug 13 11:04:53 CEST 2024
The job took 1.04 seconds.
]]></system-out>
    <system-err><![CDATA[Aug 13, 2024 11:04:50 AM org.apache.hadoop.metrics.jvm.JvmMetrics init
INFO: Initializing JVM Metrics with processName=JobTracker, sessionId=
Aug 13, 2024 11:04:51 AM org.apache.hadoop.mapred.JobClient configureCommandLineOptions
WARNING: No job jar file set.  User classes may not be found. See JobConf(Class) or JobConf#setJar(String).
Aug 13, 2024 11:04:51 AM org.apache.hadoop.mapred.FileInputFormat listStatus
INFO: Total input paths to process : 1
Aug 13, 2024 11:04:51 AM org.apache.hadoop.mapred.JobClient monitorAndPrintJob
INFO: Running job: job_local_0001
Aug 13, 2024 11:04:51 AM org.apache.hadoop.mapred.FileInputFormat listStatus
INFO: Total input paths to process : 1
Aug 13, 2024 11:04:51 AM org.apache.hadoop.mapred.MapTask runOldMapper
INFO: numReduceTasks: 1
Aug 13, 2024 11:04:51 AM org.apache.hadoop.mapred.MapTask$MapOutputBuffer <init>
INFO: io.sort.mb = 100
Aug 13, 2024 11:04:51 AM org.apache.hadoop.mapred.MapTask$MapOutputBuffer <init>
INFO: data buffer = 79691776/99614720
Aug 13, 2024 11:04:51 AM org.apache.hadoop.mapred.MapTask$MapOutputBuffer <init>
INFO: record buffer = 262144/327680
Aug 13, 2024 11:04:51 AM org.apache.hadoop.mapred.MapTask$MapOutputBuffer flush
INFO: Starting flush of map output
Aug 13, 2024 11:04:51 AM org.apache.hadoop.mapred.MapTask$MapOutputBuffer sortAndSpill
INFO: Finished spill 0
Aug 13, 2024 11:04:51 AM org.apache.hadoop.mapred.Task done
INFO: Task:attempt_local_0001_m_000000_0 is done. And is in the process of commiting
Aug 13, 2024 11:04:51 AM org.apache.hadoop.mapred.LocalJobRunner$Job statusUpdate
INFO: file:/home/clemgi/4IF/stage/fuzzy-join_vernica-join/fuzzyjoin-0.0.2/data/pub-small/recordsbulk.dblp-000/part-00000:0+36687
Aug 13, 2024 11:04:51 AM org.apache.hadoop.mapred.Task sendDone
INFO: Task 'attempt_local_0001_m_000000_0' done.
Aug 13, 2024 11:04:51 AM org.apache.hadoop.mapred.LocalJobRunner$Job statusUpdate
INFO: 
Aug 13, 2024 11:04:51 AM org.apache.hadoop.mapred.Merger$MergeQueue merge
INFO: Merging 1 sorted segments
Aug 13, 2024 11:04:51 AM org.apache.hadoop.mapred.Merger$MergeQueue merge
INFO: Down to the last merge-pass, with 1 segments left of total size: 37127 bytes
Aug 13, 2024 11:04:51 AM org.apache.hadoop.mapred.LocalJobRunner$Job statusUpdate
INFO: 
Aug 13, 2024 11:04:51 AM org.apache.hadoop.mapred.Task done
INFO: Task:attempt_local_0001_r_000000_0 is done. And is in the process of commiting
Aug 13, 2024 11:04:51 AM org.apache.hadoop.mapred.LocalJobRunner$Job statusUpdate
INFO: 
Aug 13, 2024 11:04:51 AM org.apache.hadoop.mapred.Task commit
INFO: Task attempt_local_0001_r_000000_0 is allowed to commit now
Aug 13, 2024 11:04:51 AM org.apache.hadoop.mapred.FileOutputCommitter commitTask
INFO: Saved output of task 'attempt_local_0001_r_000000_0' to file:/home/clemgi/4IF/stage/fuzzy-join_vernica-join/fuzzyjoin-0.0.2/data/pub-small/records.dblp-000
Aug 13, 2024 11:04:51 AM org.apache.hadoop.mapred.LocalJobRunner$Job statusUpdate
INFO: reduce > reduce
Aug 13, 2024 11:04:51 AM org.apache.hadoop.mapred.Task sendDone
INFO: Task 'attempt_local_0001_r_000000_0' done.
Aug 13, 2024 11:04:52 AM org.apache.hadoop.mapred.JobClient monitorAndPrintJob
INFO:  map 100% reduce 100%
Aug 13, 2024 11:04:52 AM org.apache.hadoop.mapred.JobClient monitorAndPrintJob
INFO: Job complete: job_local_0001
Aug 13, 2024 11:04:52 AM org.apache.hadoop.mapred.Counters log
INFO: Counters: 13
Aug 13, 2024 11:04:52 AM org.apache.hadoop.mapred.Counters log
INFO:   Map-Reduce Framework
Aug 13, 2024 11:04:52 AM org.apache.hadoop.mapred.Counters log
INFO:     Combine output records=0
Aug 13, 2024 11:04:52 AM org.apache.hadoop.mapred.Counters log
INFO:     Spilled Records=200
Aug 13, 2024 11:04:52 AM org.apache.hadoop.mapred.Counters log
INFO:     Reduce input records=100
Aug 13, 2024 11:04:52 AM org.apache.hadoop.mapred.Counters log
INFO:     Reduce output records=100
Aug 13, 2024 11:04:52 AM org.apache.hadoop.mapred.Counters log
INFO:     Map input records=100
Aug 13, 2024 11:04:52 AM org.apache.hadoop.mapred.Counters log
INFO:     Map output records=100
Aug 13, 2024 11:04:52 AM org.apache.hadoop.mapred.Counters log
INFO:     Map output bytes=36805
Aug 13, 2024 11:04:52 AM org.apache.hadoop.mapred.Counters log
INFO:     Reduce shuffle bytes=0
Aug 13, 2024 11:04:52 AM org.apache.hadoop.mapred.Counters log
INFO:     Combine input records=0
Aug 13, 2024 11:04:52 AM org.apache.hadoop.mapred.Counters log
INFO:     Map input bytes=36687
Aug 13, 2024 11:04:52 AM org.apache.hadoop.mapred.Counters log
INFO:     Reduce input groups=100
Aug 13, 2024 11:04:52 AM org.apache.hadoop.mapred.Counters log
INFO:   FileSystemCounters
Aug 13, 2024 11:04:52 AM org.apache.hadoop.mapred.Counters log
INFO:     FILE_BYTES_WRITTEN=166569
Aug 13, 2024 11:04:52 AM org.apache.hadoop.mapred.Counters log
INFO:     FILE_BYTES_READ=138147
Aug 13, 2024 11:04:52 AM org.apache.hadoop.metrics.jvm.JvmMetrics init
INFO: Cannot initialize JVM Metrics with processName=JobTracker, sessionId= - already initialized
Aug 13, 2024 11:04:52 AM org.apache.hadoop.mapred.JobClient configureCommandLineOptions
WARNING: No job jar file set.  User classes may not be found. See JobConf(Class) or JobConf#setJar(String).
Aug 13, 2024 11:04:52 AM org.apache.hadoop.mapred.FileInputFormat listStatus
INFO: Total input paths to process : 1
Aug 13, 2024 11:04:52 AM org.apache.hadoop.mapred.JobClient monitorAndPrintJob
INFO: Running job: job_local_0002
Aug 13, 2024 11:04:52 AM org.apache.hadoop.mapred.FileInputFormat listStatus
INFO: Total input paths to process : 1
Aug 13, 2024 11:04:52 AM org.apache.hadoop.mapred.MapTask runOldMapper
INFO: numReduceTasks: 1
Aug 13, 2024 11:04:52 AM org.apache.hadoop.mapred.MapTask$MapOutputBuffer <init>
INFO: io.sort.mb = 100
Aug 13, 2024 11:04:52 AM org.apache.hadoop.mapred.MapTask$MapOutputBuffer <init>
INFO: data buffer = 79691776/99614720
Aug 13, 2024 11:04:52 AM org.apache.hadoop.mapred.MapTask$MapOutputBuffer <init>
INFO: record buffer = 262144/327680
Aug 13, 2024 11:04:52 AM org.apache.hadoop.mapred.MapTask$MapOutputBuffer flush
INFO: Starting flush of map output
Aug 13, 2024 11:04:52 AM org.apache.hadoop.mapred.MapTask$MapOutputBuffer sortAndSpill
INFO: Finished spill 0
Aug 13, 2024 11:04:52 AM org.apache.hadoop.mapred.Task done
INFO: Task:attempt_local_0002_m_000000_0 is done. And is in the process of commiting
Aug 13, 2024 11:04:52 AM org.apache.hadoop.mapred.LocalJobRunner$Job statusUpdate
INFO: file:/home/clemgi/4IF/stage/fuzzy-join_vernica-join/fuzzyjoin-0.0.2/data/pub-small/recordsbulk.csx-000/part-00000:0+142587
Aug 13, 2024 11:04:52 AM org.apache.hadoop.mapred.Task sendDone
INFO: Task 'attempt_local_0002_m_000000_0' done.
Aug 13, 2024 11:04:52 AM org.apache.hadoop.mapred.LocalJobRunner$Job statusUpdate
INFO: 
Aug 13, 2024 11:04:52 AM org.apache.hadoop.mapred.Merger$MergeQueue merge
INFO: Merging 1 sorted segments
Aug 13, 2024 11:04:52 AM org.apache.hadoop.mapred.Merger$MergeQueue merge
INFO: Down to the last merge-pass, with 1 segments left of total size: 143189 bytes
Aug 13, 2024 11:04:52 AM org.apache.hadoop.mapred.LocalJobRunner$Job statusUpdate
INFO: 
Aug 13, 2024 11:04:52 AM org.apache.hadoop.mapred.Task done
INFO: Task:attempt_local_0002_r_000000_0 is done. And is in the process of commiting
Aug 13, 2024 11:04:52 AM org.apache.hadoop.mapred.LocalJobRunner$Job statusUpdate
INFO: 
Aug 13, 2024 11:04:52 AM org.apache.hadoop.mapred.Task commit
INFO: Task attempt_local_0002_r_000000_0 is allowed to commit now
Aug 13, 2024 11:04:52 AM org.apache.hadoop.mapred.FileOutputCommitter commitTask
INFO: Saved output of task 'attempt_local_0002_r_000000_0' to file:/home/clemgi/4IF/stage/fuzzy-join_vernica-join/fuzzyjoin-0.0.2/data/pub-small/records.csx-000
Aug 13, 2024 11:04:52 AM org.apache.hadoop.mapred.LocalJobRunner$Job statusUpdate
INFO: reduce > reduce
Aug 13, 2024 11:04:52 AM org.apache.hadoop.mapred.Task sendDone
INFO: Task 'attempt_local_0002_r_000000_0' done.
Aug 13, 2024 11:04:53 AM org.apache.hadoop.mapred.JobClient monitorAndPrintJob
INFO:  map 100% reduce 100%
Aug 13, 2024 11:04:53 AM org.apache.hadoop.mapred.JobClient monitorAndPrintJob
INFO: Job complete: job_local_0002
Aug 13, 2024 11:04:53 AM org.apache.hadoop.mapred.Counters log
INFO: Counters: 13
Aug 13, 2024 11:04:53 AM org.apache.hadoop.mapred.Counters log
INFO:   Map-Reduce Framework
Aug 13, 2024 11:04:53 AM org.apache.hadoop.mapred.Counters log
INFO:     Combine output records=0
Aug 13, 2024 11:04:53 AM org.apache.hadoop.mapred.Counters log
INFO:     Spilled Records=200
Aug 13, 2024 11:04:53 AM org.apache.hadoop.mapred.Counters log
INFO:     Reduce input records=100
Aug 13, 2024 11:04:53 AM org.apache.hadoop.mapred.Counters log
INFO:     Reduce output records=100
Aug 13, 2024 11:04:53 AM org.apache.hadoop.mapred.Counters log
INFO:     Map input records=100
Aug 13, 2024 11:04:53 AM org.apache.hadoop.mapred.Counters log
INFO:     Map output records=100
Aug 13, 2024 11:04:53 AM org.apache.hadoop.mapred.Counters log
INFO:     Map output bytes=142787
Aug 13, 2024 11:04:53 AM org.apache.hadoop.mapred.Counters log
INFO:     Reduce shuffle bytes=0
Aug 13, 2024 11:04:53 AM org.apache.hadoop.mapred.Counters log
INFO:     Combine input records=0
Aug 13, 2024 11:04:53 AM org.apache.hadoop.mapred.Counters log
INFO:     Map input bytes=142587
Aug 13, 2024 11:04:53 AM org.apache.hadoop.mapred.Counters log
INFO:     Reduce input groups=100
Aug 13, 2024 11:04:53 AM org.apache.hadoop.mapred.Counters log
INFO:   FileSystemCounters
Aug 13, 2024 11:04:53 AM org.apache.hadoop.mapred.Counters log
INFO:     FILE_BYTES_WRITTEN=688955
Aug 13, 2024 11:04:53 AM org.apache.hadoop.mapred.Counters log
INFO:     FILE_BYTES_READ=632937
]]></system-err>
  </testcase>
  <testcase name="test100" classname="edu.uci.ics.fuzzyjoin.hadoop.test.FuzzyRSJoinTest" time="2.093">
    <system-out><![CDATA[Multi-Job started: Tue Aug 13 11:04:53 CEST 2024
FuzzyJoinDriver(TokensBasic.phase1)
  Input Path:  {file:/home/clemgi/4IF/stage/fuzzy-join_vernica-join/fuzzyjoin-0.0.2/data/pub-small/records.dblp-000}
  Output Path: file:/home/clemgi/4IF/stage/fuzzy-join_vernica-join/fuzzyjoin-0.0.2/data/pub-small/tokens.phase1-000
  Map Jobs:    2
  Reduce Jobs: 1
  Properties:  {fuzzyjoin.similarity.name=Jaccard
                fuzzyjoin.similarity.threshold=0.5
                fuzzyjoin.tokenizer=Word
                fuzzyjoin.tokens.package=Scalar
                fuzzyjoin.tokens.lengthstats=false
                fuzzyjoin.ridpairs.group.class=TokenIdentity
                fuzzyjoin.ridpairs.group.factor=1
                fuzzyjoin.data.tokens=
                fuzzyjoin.data.joinindex=}
Job started: Tue Aug 13 11:04:53 CEST 2024
Job ended: Tue Aug 13 11:04:54 CEST 2024
The job took 1.04 seconds.
FuzzyJoinDriver(TokensBasic.phase2)
  Input Path:  {file:/home/clemgi/4IF/stage/fuzzy-join_vernica-join/fuzzyjoin-0.0.2/data/pub-small/tokens.phase1-000}
  Output Path: file:/home/clemgi/4IF/stage/fuzzy-join_vernica-join/fuzzyjoin-0.0.2/data/pub-small/tokens-000
  Map Jobs:    2
  Reduce Jobs: 1
  Properties:  {fuzzyjoin.similarity.name=Jaccard
                fuzzyjoin.similarity.threshold=0.5
                fuzzyjoin.tokenizer=Word
                fuzzyjoin.tokens.package=Scalar
                fuzzyjoin.tokens.lengthstats=false
                fuzzyjoin.ridpairs.group.class=TokenIdentity
                fuzzyjoin.ridpairs.group.factor=1
                fuzzyjoin.data.tokens=
                fuzzyjoin.data.joinindex=}
Job started: Tue Aug 13 11:04:54 CEST 2024
Job ended: Tue Aug 13 11:04:55 CEST 2024
The job took 1.029 seconds.
Multi-Job ended: Tue Aug 13 11:04:55 CEST 2024
The multi-job took 2.07 seconds.
]]></system-out>
    <system-err><![CDATA[Aug 13, 2024 11:04:53 AM org.apache.hadoop.metrics.jvm.JvmMetrics init
INFO: Cannot initialize JVM Metrics with processName=JobTracker, sessionId= - already initialized
Aug 13, 2024 11:04:53 AM org.apache.hadoop.mapred.JobClient configureCommandLineOptions
WARNING: No job jar file set.  User classes may not be found. See JobConf(Class) or JobConf#setJar(String).
Aug 13, 2024 11:04:53 AM org.apache.hadoop.mapred.FileInputFormat listStatus
INFO: Total input paths to process : 1
Aug 13, 2024 11:04:53 AM org.apache.hadoop.mapred.JobClient monitorAndPrintJob
INFO: Running job: job_local_0003
Aug 13, 2024 11:04:53 AM org.apache.hadoop.mapred.FileInputFormat listStatus
INFO: Total input paths to process : 1
Aug 13, 2024 11:04:53 AM org.apache.hadoop.mapred.MapTask runOldMapper
INFO: numReduceTasks: 1
Aug 13, 2024 11:04:53 AM org.apache.hadoop.mapred.MapTask$MapOutputBuffer <init>
INFO: io.sort.mb = 100
Aug 13, 2024 11:04:53 AM org.apache.hadoop.mapred.MapTask$MapOutputBuffer <init>
INFO: data buffer = 79691776/99614720
Aug 13, 2024 11:04:53 AM org.apache.hadoop.mapred.MapTask$MapOutputBuffer <init>
INFO: record buffer = 262144/327680
Aug 13, 2024 11:04:53 AM org.apache.hadoop.mapred.MapTask$MapOutputBuffer flush
INFO: Starting flush of map output
Aug 13, 2024 11:04:53 AM org.apache.hadoop.mapred.MapTask$MapOutputBuffer sortAndSpill
INFO: Finished spill 0
Aug 13, 2024 11:04:53 AM org.apache.hadoop.mapred.Task done
INFO: Task:attempt_local_0003_m_000000_0 is done. And is in the process of commiting
Aug 13, 2024 11:04:53 AM org.apache.hadoop.mapred.LocalJobRunner$Job statusUpdate
INFO: file:/home/clemgi/4IF/stage/fuzzy-join_vernica-join/fuzzyjoin-0.0.2/data/pub-small/records.dblp-000/part-00000:0+36687
Aug 13, 2024 11:04:53 AM org.apache.hadoop.mapred.Task sendDone
INFO: Task 'attempt_local_0003_m_000000_0' done.
Aug 13, 2024 11:04:53 AM org.apache.hadoop.mapred.LocalJobRunner$Job statusUpdate
INFO: 
Aug 13, 2024 11:04:53 AM org.apache.hadoop.mapred.Merger$MergeQueue merge
INFO: Merging 1 sorted segments
Aug 13, 2024 11:04:53 AM org.apache.hadoop.mapred.Merger$MergeQueue merge
INFO: Down to the last merge-pass, with 1 segments left of total size: 9062 bytes
Aug 13, 2024 11:04:53 AM org.apache.hadoop.mapred.LocalJobRunner$Job statusUpdate
INFO: 
Aug 13, 2024 11:04:53 AM org.apache.hadoop.mapred.Task done
INFO: Task:attempt_local_0003_r_000000_0 is done. And is in the process of commiting
Aug 13, 2024 11:04:53 AM org.apache.hadoop.mapred.LocalJobRunner$Job statusUpdate
INFO: 
Aug 13, 2024 11:04:53 AM org.apache.hadoop.mapred.Task commit
INFO: Task attempt_local_0003_r_000000_0 is allowed to commit now
Aug 13, 2024 11:04:53 AM org.apache.hadoop.mapred.FileOutputCommitter commitTask
INFO: Saved output of task 'attempt_local_0003_r_000000_0' to file:/home/clemgi/4IF/stage/fuzzy-join_vernica-join/fuzzyjoin-0.0.2/data/pub-small/tokens.phase1-000
Aug 13, 2024 11:04:53 AM org.apache.hadoop.mapred.LocalJobRunner$Job statusUpdate
INFO: reduce > reduce
Aug 13, 2024 11:04:53 AM org.apache.hadoop.mapred.Task sendDone
INFO: Task 'attempt_local_0003_r_000000_0' done.
Aug 13, 2024 11:04:54 AM org.apache.hadoop.mapred.JobClient monitorAndPrintJob
INFO:  map 100% reduce 100%
Aug 13, 2024 11:04:54 AM org.apache.hadoop.mapred.JobClient monitorAndPrintJob
INFO: Job complete: job_local_0003
Aug 13, 2024 11:04:54 AM org.apache.hadoop.mapred.Counters log
INFO: Counters: 13
Aug 13, 2024 11:04:54 AM org.apache.hadoop.mapred.Counters log
INFO:   Map-Reduce Framework
Aug 13, 2024 11:04:54 AM org.apache.hadoop.mapred.Counters log
INFO:     Combine output records=597
Aug 13, 2024 11:04:54 AM org.apache.hadoop.mapred.Counters log
INFO:     Spilled Records=1194
Aug 13, 2024 11:04:54 AM org.apache.hadoop.mapred.Counters log
INFO:     Reduce input records=597
Aug 13, 2024 11:04:54 AM org.apache.hadoop.mapred.Counters log
INFO:     Reduce output records=597
Aug 13, 2024 11:04:54 AM org.apache.hadoop.mapred.Counters log
INFO:     Map input records=100
Aug 13, 2024 11:04:54 AM org.apache.hadoop.mapred.Counters log
INFO:     Map output records=1248
Aug 13, 2024 11:04:54 AM org.apache.hadoop.mapred.Counters log
INFO:     Map output bytes=15588
Aug 13, 2024 11:04:54 AM org.apache.hadoop.mapred.Counters log
INFO:     Reduce shuffle bytes=0
Aug 13, 2024 11:04:54 AM org.apache.hadoop.mapred.Counters log
INFO:     Combine input records=1248
Aug 13, 2024 11:04:54 AM org.apache.hadoop.mapred.Counters log
INFO:     Map input bytes=36687
Aug 13, 2024 11:04:54 AM org.apache.hadoop.mapred.Counters log
INFO:     Reduce input groups=597
Aug 13, 2024 11:04:54 AM org.apache.hadoop.mapred.Counters log
INFO:   FileSystemCounters
Aug 13, 2024 11:04:54 AM org.apache.hadoop.mapred.Counters log
INFO:     FILE_BYTES_WRITTEN=921425
Aug 13, 2024 11:04:54 AM org.apache.hadoop.mapred.Counters log
INFO:     FILE_BYTES_READ=887396
Aug 13, 2024 11:04:54 AM org.apache.hadoop.metrics.jvm.JvmMetrics init
INFO: Cannot initialize JVM Metrics with processName=JobTracker, sessionId= - already initialized
Aug 13, 2024 11:04:54 AM org.apache.hadoop.mapred.JobClient configureCommandLineOptions
WARNING: No job jar file set.  User classes may not be found. See JobConf(Class) or JobConf#setJar(String).
Aug 13, 2024 11:04:54 AM org.apache.hadoop.mapred.FileInputFormat listStatus
INFO: Total input paths to process : 1
Aug 13, 2024 11:04:54 AM org.apache.hadoop.mapred.JobClient monitorAndPrintJob
INFO: Running job: job_local_0004
Aug 13, 2024 11:04:54 AM org.apache.hadoop.mapred.FileInputFormat listStatus
INFO: Total input paths to process : 1
Aug 13, 2024 11:04:54 AM org.apache.hadoop.mapred.MapTask runOldMapper
INFO: numReduceTasks: 1
Aug 13, 2024 11:04:54 AM org.apache.hadoop.mapred.MapTask$MapOutputBuffer <init>
INFO: io.sort.mb = 100
Aug 13, 2024 11:04:54 AM org.apache.hadoop.mapred.MapTask$MapOutputBuffer <init>
INFO: data buffer = 79691776/99614720
Aug 13, 2024 11:04:54 AM org.apache.hadoop.mapred.MapTask$MapOutputBuffer <init>
INFO: record buffer = 262144/327680
Aug 13, 2024 11:04:54 AM org.apache.hadoop.mapred.MapTask$MapOutputBuffer flush
INFO: Starting flush of map output
Aug 13, 2024 11:04:54 AM org.apache.hadoop.mapred.MapTask$MapOutputBuffer sortAndSpill
INFO: Finished spill 0
Aug 13, 2024 11:04:54 AM org.apache.hadoop.mapred.Task done
INFO: Task:attempt_local_0004_m_000000_0 is done. And is in the process of commiting
Aug 13, 2024 11:04:54 AM org.apache.hadoop.mapred.LocalJobRunner$Job statusUpdate
INFO: file:/home/clemgi/4IF/stage/fuzzy-join_vernica-join/fuzzyjoin-0.0.2/data/pub-small/tokens.phase1-000/part-00000:0+12847
Aug 13, 2024 11:04:54 AM org.apache.hadoop.mapred.Task sendDone
INFO: Task 'attempt_local_0004_m_000000_0' done.
Aug 13, 2024 11:04:54 AM org.apache.hadoop.mapred.LocalJobRunner$Job statusUpdate
INFO: 
Aug 13, 2024 11:04:54 AM org.apache.hadoop.mapred.Merger$MergeQueue merge
INFO: Merging 1 sorted segments
Aug 13, 2024 11:04:54 AM org.apache.hadoop.mapred.Merger$MergeQueue merge
INFO: Down to the last merge-pass, with 1 segments left of total size: 9062 bytes
Aug 13, 2024 11:04:54 AM org.apache.hadoop.mapred.LocalJobRunner$Job statusUpdate
INFO: 
Aug 13, 2024 11:04:54 AM org.apache.hadoop.mapred.Task done
INFO: Task:attempt_local_0004_r_000000_0 is done. And is in the process of commiting
Aug 13, 2024 11:04:54 AM org.apache.hadoop.mapred.LocalJobRunner$Job statusUpdate
INFO: 
Aug 13, 2024 11:04:54 AM org.apache.hadoop.mapred.Task commit
INFO: Task attempt_local_0004_r_000000_0 is allowed to commit now
Aug 13, 2024 11:04:54 AM org.apache.hadoop.mapred.FileOutputCommitter commitTask
INFO: Saved output of task 'attempt_local_0004_r_000000_0' to file:/home/clemgi/4IF/stage/fuzzy-join_vernica-join/fuzzyjoin-0.0.2/data/pub-small/tokens-000
Aug 13, 2024 11:04:54 AM org.apache.hadoop.mapred.LocalJobRunner$Job statusUpdate
INFO: reduce > reduce
Aug 13, 2024 11:04:54 AM org.apache.hadoop.mapred.Task sendDone
INFO: Task 'attempt_local_0004_r_000000_0' done.
Aug 13, 2024 11:04:55 AM org.apache.hadoop.mapred.JobClient monitorAndPrintJob
INFO:  map 100% reduce 100%
Aug 13, 2024 11:04:55 AM org.apache.hadoop.mapred.JobClient monitorAndPrintJob
INFO: Job complete: job_local_0004
Aug 13, 2024 11:04:55 AM org.apache.hadoop.mapred.Counters log
INFO: Counters: 13
Aug 13, 2024 11:04:55 AM org.apache.hadoop.mapred.Counters log
INFO:   Map-Reduce Framework
Aug 13, 2024 11:04:55 AM org.apache.hadoop.mapred.Counters log
INFO:     Combine output records=0
Aug 13, 2024 11:04:55 AM org.apache.hadoop.mapred.Counters log
INFO:     Spilled Records=1194
Aug 13, 2024 11:04:55 AM org.apache.hadoop.mapred.Counters log
INFO:     Reduce input records=597
Aug 13, 2024 11:04:55 AM org.apache.hadoop.mapred.Counters log
INFO:     Reduce output records=597
Aug 13, 2024 11:04:55 AM org.apache.hadoop.mapred.Counters log
INFO:     Map input records=597
Aug 13, 2024 11:04:55 AM org.apache.hadoop.mapred.Counters log
INFO:     Map output records=597
Aug 13, 2024 11:04:55 AM org.apache.hadoop.mapred.Counters log
INFO:     Map output bytes=7866
Aug 13, 2024 11:04:55 AM org.apache.hadoop.mapred.Counters log
INFO:     Reduce shuffle bytes=0
Aug 13, 2024 11:04:55 AM org.apache.hadoop.mapred.Counters log
INFO:     Combine input records=0
Aug 13, 2024 11:04:55 AM org.apache.hadoop.mapred.Counters log
INFO:     Map input bytes=12762
Aug 13, 2024 11:04:55 AM org.apache.hadoop.mapred.Counters log
INFO:     Reduce input groups=18
Aug 13, 2024 11:04:55 AM org.apache.hadoop.mapred.Counters log
INFO:   FileSystemCounters
Aug 13, 2024 11:04:55 AM org.apache.hadoop.mapred.Counters log
INFO:     FILE_BYTES_WRITTEN=1013896
Aug 13, 2024 11:04:55 AM org.apache.hadoop.mapred.Counters log
INFO:     FILE_BYTES_READ=958768
]]></system-err>
  </testcase>
  <testcase name="test110" classname="edu.uci.ics.fuzzyjoin.hadoop.test.FuzzyRSJoinTest" time="1.038">
    <system-out><![CDATA[FuzzyJoinDriver(TokensImproved)
  Input Path:  {file:/home/clemgi/4IF/stage/fuzzy-join_vernica-join/fuzzyjoin-0.0.2/data/pub-small/records.dblp-000}
  Output Path: file:/home/clemgi/4IF/stage/fuzzy-join_vernica-join/fuzzyjoin-0.0.2/data/pub-small/tokens-000
  Map Jobs:    2
  Reduce Jobs: 1
  Properties:  {fuzzyjoin.similarity.name=Jaccard
                fuzzyjoin.similarity.threshold=0.5
                fuzzyjoin.tokenizer=Word
                fuzzyjoin.tokens.package=Scalar
                fuzzyjoin.tokens.lengthstats=false
                fuzzyjoin.ridpairs.group.class=TokenIdentity
                fuzzyjoin.ridpairs.group.factor=1
                fuzzyjoin.data.tokens=
                fuzzyjoin.data.joinindex=}
Job started: Tue Aug 13 11:04:55 CEST 2024
Job ended: Tue Aug 13 11:04:56 CEST 2024
The job took 1.032 seconds.
]]></system-out>
    <system-err><![CDATA[Aug 13, 2024 11:04:55 AM org.apache.hadoop.metrics.jvm.JvmMetrics init
INFO: Cannot initialize JVM Metrics with processName=JobTracker, sessionId= - already initialized
Aug 13, 2024 11:04:55 AM org.apache.hadoop.mapred.JobClient configureCommandLineOptions
WARNING: No job jar file set.  User classes may not be found. See JobConf(Class) or JobConf#setJar(String).
Aug 13, 2024 11:04:55 AM org.apache.hadoop.mapred.FileInputFormat listStatus
INFO: Total input paths to process : 1
Aug 13, 2024 11:04:55 AM org.apache.hadoop.mapred.JobClient monitorAndPrintJob
INFO: Running job: job_local_0005
Aug 13, 2024 11:04:55 AM org.apache.hadoop.mapred.FileInputFormat listStatus
INFO: Total input paths to process : 1
Aug 13, 2024 11:04:55 AM org.apache.hadoop.mapred.MapTask runOldMapper
INFO: numReduceTasks: 1
Aug 13, 2024 11:04:55 AM org.apache.hadoop.mapred.MapTask$MapOutputBuffer <init>
INFO: io.sort.mb = 100
Aug 13, 2024 11:04:55 AM org.apache.hadoop.mapred.MapTask$MapOutputBuffer <init>
INFO: data buffer = 79691776/99614720
Aug 13, 2024 11:04:55 AM org.apache.hadoop.mapred.MapTask$MapOutputBuffer <init>
INFO: record buffer = 262144/327680
Aug 13, 2024 11:04:55 AM org.apache.hadoop.mapred.MapTask$MapOutputBuffer flush
INFO: Starting flush of map output
Aug 13, 2024 11:04:55 AM org.apache.hadoop.mapred.MapTask$MapOutputBuffer sortAndSpill
INFO: Finished spill 0
Aug 13, 2024 11:04:55 AM org.apache.hadoop.mapred.Task done
INFO: Task:attempt_local_0005_m_000000_0 is done. And is in the process of commiting
Aug 13, 2024 11:04:55 AM org.apache.hadoop.mapred.LocalJobRunner$Job statusUpdate
INFO: file:/home/clemgi/4IF/stage/fuzzy-join_vernica-join/fuzzyjoin-0.0.2/data/pub-small/records.dblp-000/part-00000:0+36687
Aug 13, 2024 11:04:55 AM org.apache.hadoop.mapred.Task sendDone
INFO: Task 'attempt_local_0005_m_000000_0' done.
Aug 13, 2024 11:04:55 AM org.apache.hadoop.mapred.LocalJobRunner$Job statusUpdate
INFO: 
Aug 13, 2024 11:04:55 AM org.apache.hadoop.mapred.Merger$MergeQueue merge
INFO: Merging 1 sorted segments
Aug 13, 2024 11:04:55 AM org.apache.hadoop.mapred.Merger$MergeQueue merge
INFO: Down to the last merge-pass, with 1 segments left of total size: 9062 bytes
Aug 13, 2024 11:04:55 AM org.apache.hadoop.mapred.LocalJobRunner$Job statusUpdate
INFO: 
Aug 13, 2024 11:04:55 AM org.apache.hadoop.mapred.Task done
INFO: Task:attempt_local_0005_r_000000_0 is done. And is in the process of commiting
Aug 13, 2024 11:04:55 AM org.apache.hadoop.mapred.LocalJobRunner$Job statusUpdate
INFO: 
Aug 13, 2024 11:04:55 AM org.apache.hadoop.mapred.Task commit
INFO: Task attempt_local_0005_r_000000_0 is allowed to commit now
Aug 13, 2024 11:04:55 AM org.apache.hadoop.mapred.FileOutputCommitter commitTask
INFO: Saved output of task 'attempt_local_0005_r_000000_0' to file:/home/clemgi/4IF/stage/fuzzy-join_vernica-join/fuzzyjoin-0.0.2/data/pub-small/tokens-000
Aug 13, 2024 11:04:55 AM org.apache.hadoop.mapred.LocalJobRunner$Job statusUpdate
INFO: reduce > reduce
Aug 13, 2024 11:04:55 AM org.apache.hadoop.mapred.Task sendDone
INFO: Task 'attempt_local_0005_r_000000_0' done.
Aug 13, 2024 11:04:56 AM org.apache.hadoop.mapred.JobClient monitorAndPrintJob
INFO:  map 100% reduce 100%
Aug 13, 2024 11:04:56 AM org.apache.hadoop.mapred.JobClient monitorAndPrintJob
INFO: Job complete: job_local_0005
Aug 13, 2024 11:04:56 AM org.apache.hadoop.mapred.Counters log
INFO: Counters: 13
Aug 13, 2024 11:04:56 AM org.apache.hadoop.mapred.Counters log
INFO:   Map-Reduce Framework
Aug 13, 2024 11:04:56 AM org.apache.hadoop.mapred.Counters log
INFO:     Combine output records=597
Aug 13, 2024 11:04:56 AM org.apache.hadoop.mapred.Counters log
INFO:     Spilled Records=1194
Aug 13, 2024 11:04:56 AM org.apache.hadoop.mapred.Counters log
INFO:     Reduce input records=597
Aug 13, 2024 11:04:56 AM org.apache.hadoop.mapred.Counters log
INFO:     Reduce output records=597
Aug 13, 2024 11:04:56 AM org.apache.hadoop.mapred.Counters log
INFO:     Map input records=100
Aug 13, 2024 11:04:56 AM org.apache.hadoop.mapred.Counters log
INFO:     Map output records=1248
Aug 13, 2024 11:04:56 AM org.apache.hadoop.mapred.Counters log
INFO:     Map output bytes=15588
Aug 13, 2024 11:04:56 AM org.apache.hadoop.mapred.Counters log
INFO:     Reduce shuffle bytes=0
Aug 13, 2024 11:04:56 AM org.apache.hadoop.mapred.Counters log
INFO:     Combine input records=1248
Aug 13, 2024 11:04:56 AM org.apache.hadoop.mapred.Counters log
INFO:     Map input bytes=36687
Aug 13, 2024 11:04:56 AM org.apache.hadoop.mapred.Counters log
INFO:     Reduce input groups=597
Aug 13, 2024 11:04:56 AM org.apache.hadoop.mapred.Counters log
INFO:   FileSystemCounters
Aug 13, 2024 11:04:56 AM org.apache.hadoop.mapred.Counters log
INFO:     FILE_BYTES_WRITTEN=1099356
Aug 13, 2024 11:04:56 AM org.apache.hadoop.mapred.Counters log
INFO:     FILE_BYTES_READ=1078400
]]></system-err>
  </testcase>
  <testcase name="test200" classname="edu.uci.ics.fuzzyjoin.hadoop.test.FuzzyRSJoinTest" time="1.036">
    <system-out><![CDATA[FuzzyJoinDriver(RIDPairsImproved)
  Input Path:  {file:/home/clemgi/4IF/stage/fuzzy-join_vernica-join/fuzzyjoin-0.0.2/data/pub-small/records.dblp-000
                file:/home/clemgi/4IF/stage/fuzzy-join_vernica-join/fuzzyjoin-0.0.2/data/pub-small/records.csx-000}
  Output Path: file:/home/clemgi/4IF/stage/fuzzy-join_vernica-join/fuzzyjoin-0.0.2/data/pub-small/ridpairs-000
  Map Jobs:    2
  Reduce Jobs: 1
  Properties:  {fuzzyjoin.similarity.name=Jaccard
                fuzzyjoin.similarity.threshold=0.5
                fuzzyjoin.tokenizer=Word
                fuzzyjoin.tokens.package=Scalar
                fuzzyjoin.tokens.lengthstats=false
                fuzzyjoin.ridpairs.group.class=TokenIdentity
                fuzzyjoin.ridpairs.group.factor=1
                fuzzyjoin.data.tokens=../data/pub-small/tokens-000/part-00000
                fuzzyjoin.data.joinindex=}
Job started: Tue Aug 13 11:04:56 CEST 2024
Job ended: Tue Aug 13 11:04:57 CEST 2024
The job took 1.025 seconds.
]]></system-out>
    <system-err><![CDATA[Aug 13, 2024 11:04:56 AM org.apache.hadoop.metrics.jvm.JvmMetrics init
INFO: Cannot initialize JVM Metrics with processName=JobTracker, sessionId= - already initialized
Aug 13, 2024 11:04:56 AM org.apache.hadoop.mapred.JobClient configureCommandLineOptions
WARNING: No job jar file set.  User classes may not be found. See JobConf(Class) or JobConf#setJar(String).
Aug 13, 2024 11:04:56 AM org.apache.hadoop.mapred.FileInputFormat listStatus
INFO: Total input paths to process : 2
Aug 13, 2024 11:04:56 AM org.apache.hadoop.mapred.JobClient monitorAndPrintJob
INFO: Running job: job_local_0006
Aug 13, 2024 11:04:56 AM org.apache.hadoop.mapred.FileInputFormat listStatus
INFO: Total input paths to process : 2
Aug 13, 2024 11:04:56 AM org.apache.hadoop.mapred.MapTask runOldMapper
INFO: numReduceTasks: 1
Aug 13, 2024 11:04:56 AM org.apache.hadoop.mapred.MapTask$MapOutputBuffer <init>
INFO: io.sort.mb = 100
Aug 13, 2024 11:04:56 AM org.apache.hadoop.mapred.MapTask$MapOutputBuffer <init>
INFO: data buffer = 79691776/99614720
Aug 13, 2024 11:04:56 AM org.apache.hadoop.mapred.MapTask$MapOutputBuffer <init>
INFO: record buffer = 262144/327680
Aug 13, 2024 11:04:56 AM org.apache.hadoop.mapred.MapTask$MapOutputBuffer flush
INFO: Starting flush of map output
Aug 13, 2024 11:04:56 AM org.apache.hadoop.mapred.MapTask$MapOutputBuffer sortAndSpill
INFO: Finished spill 0
Aug 13, 2024 11:04:56 AM org.apache.hadoop.mapred.Task done
INFO: Task:attempt_local_0006_m_000000_0 is done. And is in the process of commiting
Aug 13, 2024 11:04:56 AM org.apache.hadoop.mapred.LocalJobRunner$Job statusUpdate
INFO: file:/home/clemgi/4IF/stage/fuzzy-join_vernica-join/fuzzyjoin-0.0.2/data/pub-small/records.dblp-000/part-00000:0+36687
Aug 13, 2024 11:04:56 AM org.apache.hadoop.mapred.Task sendDone
INFO: Task 'attempt_local_0006_m_000000_0' done.
Aug 13, 2024 11:04:56 AM org.apache.hadoop.mapred.MapTask runOldMapper
INFO: numReduceTasks: 1
Aug 13, 2024 11:04:56 AM org.apache.hadoop.mapred.MapTask$MapOutputBuffer <init>
INFO: io.sort.mb = 100
Aug 13, 2024 11:04:56 AM org.apache.hadoop.mapred.MapTask$MapOutputBuffer <init>
INFO: data buffer = 79691776/99614720
Aug 13, 2024 11:04:56 AM org.apache.hadoop.mapred.MapTask$MapOutputBuffer <init>
INFO: record buffer = 262144/327680
Aug 13, 2024 11:04:56 AM org.apache.hadoop.mapred.MapTask$MapOutputBuffer flush
INFO: Starting flush of map output
Aug 13, 2024 11:04:56 AM org.apache.hadoop.mapred.MapTask$MapOutputBuffer sortAndSpill
INFO: Finished spill 0
Aug 13, 2024 11:04:56 AM org.apache.hadoop.mapred.Task done
INFO: Task:attempt_local_0006_m_000001_0 is done. And is in the process of commiting
Aug 13, 2024 11:04:56 AM org.apache.hadoop.mapred.LocalJobRunner$Job statusUpdate
INFO: file:/home/clemgi/4IF/stage/fuzzy-join_vernica-join/fuzzyjoin-0.0.2/data/pub-small/records.csx-000/part-00000:0+142587
Aug 13, 2024 11:04:56 AM org.apache.hadoop.mapred.Task sendDone
INFO: Task 'attempt_local_0006_m_000001_0' done.
Aug 13, 2024 11:04:56 AM org.apache.hadoop.mapred.LocalJobRunner$Job statusUpdate
INFO: 
Aug 13, 2024 11:04:56 AM org.apache.hadoop.mapred.Merger$MergeQueue merge
INFO: Merging 2 sorted segments
Aug 13, 2024 11:04:56 AM org.apache.hadoop.mapred.Merger$MergeQueue merge
INFO: Down to the last merge-pass, with 2 segments left of total size: 82768 bytes
Aug 13, 2024 11:04:56 AM org.apache.hadoop.mapred.LocalJobRunner$Job statusUpdate
INFO: 
Aug 13, 2024 11:04:56 AM org.apache.hadoop.mapred.Task done
INFO: Task:attempt_local_0006_r_000000_0 is done. And is in the process of commiting
Aug 13, 2024 11:04:56 AM org.apache.hadoop.mapred.LocalJobRunner$Job statusUpdate
INFO: 
Aug 13, 2024 11:04:56 AM org.apache.hadoop.mapred.Task commit
INFO: Task attempt_local_0006_r_000000_0 is allowed to commit now
Aug 13, 2024 11:04:56 AM org.apache.hadoop.mapred.FileOutputCommitter commitTask
INFO: Saved output of task 'attempt_local_0006_r_000000_0' to file:/home/clemgi/4IF/stage/fuzzy-join_vernica-join/fuzzyjoin-0.0.2/data/pub-small/ridpairs-000
Aug 13, 2024 11:04:56 AM org.apache.hadoop.mapred.LocalJobRunner$Job statusUpdate
INFO: reduce > reduce
Aug 13, 2024 11:04:56 AM org.apache.hadoop.mapred.Task sendDone
INFO: Task 'attempt_local_0006_r_000000_0' done.
Aug 13, 2024 11:04:57 AM org.apache.hadoop.mapred.JobClient monitorAndPrintJob
INFO:  map 100% reduce 100%
Aug 13, 2024 11:04:57 AM org.apache.hadoop.mapred.JobClient monitorAndPrintJob
INFO: Job complete: job_local_0006
Aug 13, 2024 11:04:57 AM org.apache.hadoop.mapred.Counters log
INFO: Counters: 13
Aug 13, 2024 11:04:57 AM org.apache.hadoop.mapred.Counters log
INFO:   Map-Reduce Framework
Aug 13, 2024 11:04:57 AM org.apache.hadoop.mapred.Counters log
INFO:     Combine output records=0
Aug 13, 2024 11:04:57 AM org.apache.hadoop.mapred.Counters log
INFO:     Spilled Records=2162
Aug 13, 2024 11:04:57 AM org.apache.hadoop.mapred.Counters log
INFO:     Reduce input records=1039
Aug 13, 2024 11:04:57 AM org.apache.hadoop.mapred.Counters log
INFO:     Reduce output records=42
Aug 13, 2024 11:04:57 AM org.apache.hadoop.mapred.Counters log
INFO:     Map input records=200
Aug 13, 2024 11:04:57 AM org.apache.hadoop.mapred.Counters log
INFO:     Map output records=1081
Aug 13, 2024 11:04:57 AM org.apache.hadoop.mapred.Counters log
INFO:     Map output bytes=80548
Aug 13, 2024 11:04:57 AM org.apache.hadoop.mapred.Counters log
INFO:     Reduce shuffle bytes=0
Aug 13, 2024 11:04:57 AM org.apache.hadoop.mapred.Counters log
INFO:     Combine input records=0
Aug 13, 2024 11:04:57 AM org.apache.hadoop.mapred.Counters log
INFO:     Map input bytes=179274
Aug 13, 2024 11:04:57 AM org.apache.hadoop.mapred.Counters log
INFO:     Reduce input groups=565
Aug 13, 2024 11:04:57 AM org.apache.hadoop.mapred.Counters log
INFO:   FileSystemCounters
Aug 13, 2024 11:04:57 AM org.apache.hadoop.mapred.Counters log
INFO:     FILE_BYTES_WRITTEN=1972246
Aug 13, 2024 11:04:57 AM org.apache.hadoop.mapred.Counters log
INFO:     FILE_BYTES_READ=2155438
]]></system-err>
  </testcase>
  <testcase name="test210" classname="edu.uci.ics.fuzzyjoin.hadoop.test.FuzzyRSJoinTest" time="1.035">
    <system-out><![CDATA[FuzzyJoinDriver(RIDPairsPPJoin.TokenIdentity)
  Input Path:  {file:/home/clemgi/4IF/stage/fuzzy-join_vernica-join/fuzzyjoin-0.0.2/data/pub-small/records.dblp-000
                file:/home/clemgi/4IF/stage/fuzzy-join_vernica-join/fuzzyjoin-0.0.2/data/pub-small/records.csx-000}
  Output Path: file:/home/clemgi/4IF/stage/fuzzy-join_vernica-join/fuzzyjoin-0.0.2/data/pub-small/ridpairs-000
  Map Jobs:    2
  Reduce Jobs: 1
  Properties:  {fuzzyjoin.similarity.name=Jaccard
                fuzzyjoin.similarity.threshold=0.5
                fuzzyjoin.tokenizer=Word
                fuzzyjoin.tokens.package=Scalar
                fuzzyjoin.tokens.lengthstats=false
                fuzzyjoin.ridpairs.group.class=TokenIdentity
                fuzzyjoin.ridpairs.group.factor=1
                fuzzyjoin.data.tokens=../data/pub-small/tokens-000/part-00000
                fuzzyjoin.data.joinindex=}
Job started: Tue Aug 13 11:04:57 CEST 2024
Job ended: Tue Aug 13 11:04:58 CEST 2024
The job took 1.029 seconds.
]]></system-out>
    <system-err><![CDATA[Aug 13, 2024 11:04:57 AM org.apache.hadoop.metrics.jvm.JvmMetrics init
INFO: Cannot initialize JVM Metrics with processName=JobTracker, sessionId= - already initialized
Aug 13, 2024 11:04:57 AM org.apache.hadoop.mapred.JobClient configureCommandLineOptions
WARNING: No job jar file set.  User classes may not be found. See JobConf(Class) or JobConf#setJar(String).
Aug 13, 2024 11:04:57 AM org.apache.hadoop.mapred.FileInputFormat listStatus
INFO: Total input paths to process : 2
Aug 13, 2024 11:04:57 AM org.apache.hadoop.mapred.JobClient monitorAndPrintJob
INFO: Running job: job_local_0007
Aug 13, 2024 11:04:57 AM org.apache.hadoop.mapred.FileInputFormat listStatus
INFO: Total input paths to process : 2
Aug 13, 2024 11:04:57 AM org.apache.hadoop.mapred.MapTask runOldMapper
INFO: numReduceTasks: 1
Aug 13, 2024 11:04:57 AM org.apache.hadoop.mapred.MapTask$MapOutputBuffer <init>
INFO: io.sort.mb = 100
Aug 13, 2024 11:04:57 AM org.apache.hadoop.mapred.MapTask$MapOutputBuffer <init>
INFO: data buffer = 79691776/99614720
Aug 13, 2024 11:04:57 AM org.apache.hadoop.mapred.MapTask$MapOutputBuffer <init>
INFO: record buffer = 262144/327680
Aug 13, 2024 11:04:57 AM org.apache.hadoop.mapred.MapTask$MapOutputBuffer flush
INFO: Starting flush of map output
Aug 13, 2024 11:04:57 AM org.apache.hadoop.mapred.MapTask$MapOutputBuffer sortAndSpill
INFO: Finished spill 0
Aug 13, 2024 11:04:57 AM org.apache.hadoop.mapred.Task done
INFO: Task:attempt_local_0007_m_000000_0 is done. And is in the process of commiting
Aug 13, 2024 11:04:57 AM org.apache.hadoop.mapred.LocalJobRunner$Job statusUpdate
INFO: file:/home/clemgi/4IF/stage/fuzzy-join_vernica-join/fuzzyjoin-0.0.2/data/pub-small/records.dblp-000/part-00000:0+36687
Aug 13, 2024 11:04:57 AM org.apache.hadoop.mapred.Task sendDone
INFO: Task 'attempt_local_0007_m_000000_0' done.
Aug 13, 2024 11:04:57 AM org.apache.hadoop.mapred.MapTask runOldMapper
INFO: numReduceTasks: 1
Aug 13, 2024 11:04:57 AM org.apache.hadoop.mapred.MapTask$MapOutputBuffer <init>
INFO: io.sort.mb = 100
Aug 13, 2024 11:04:57 AM org.apache.hadoop.mapred.MapTask$MapOutputBuffer <init>
INFO: data buffer = 79691776/99614720
Aug 13, 2024 11:04:57 AM org.apache.hadoop.mapred.MapTask$MapOutputBuffer <init>
INFO: record buffer = 262144/327680
Aug 13, 2024 11:04:57 AM org.apache.hadoop.mapred.MapTask$MapOutputBuffer flush
INFO: Starting flush of map output
Aug 13, 2024 11:04:57 AM org.apache.hadoop.mapred.MapTask$MapOutputBuffer sortAndSpill
INFO: Finished spill 0
Aug 13, 2024 11:04:57 AM org.apache.hadoop.mapred.Task done
INFO: Task:attempt_local_0007_m_000001_0 is done. And is in the process of commiting
Aug 13, 2024 11:04:57 AM org.apache.hadoop.mapred.LocalJobRunner$Job statusUpdate
INFO: file:/home/clemgi/4IF/stage/fuzzy-join_vernica-join/fuzzyjoin-0.0.2/data/pub-small/records.csx-000/part-00000:0+142587
Aug 13, 2024 11:04:57 AM org.apache.hadoop.mapred.Task sendDone
INFO: Task 'attempt_local_0007_m_000001_0' done.
Aug 13, 2024 11:04:57 AM org.apache.hadoop.mapred.LocalJobRunner$Job statusUpdate
INFO: 
Aug 13, 2024 11:04:57 AM org.apache.hadoop.mapred.Merger$MergeQueue merge
INFO: Merging 2 sorted segments
Aug 13, 2024 11:04:57 AM org.apache.hadoop.mapred.Merger$MergeQueue merge
INFO: Down to the last merge-pass, with 2 segments left of total size: 87092 bytes
Aug 13, 2024 11:04:57 AM org.apache.hadoop.mapred.LocalJobRunner$Job statusUpdate
INFO: 
Aug 13, 2024 11:04:57 AM org.apache.hadoop.mapred.Task done
INFO: Task:attempt_local_0007_r_000000_0 is done. And is in the process of commiting
Aug 13, 2024 11:04:57 AM org.apache.hadoop.mapred.LocalJobRunner$Job statusUpdate
INFO: 
Aug 13, 2024 11:04:57 AM org.apache.hadoop.mapred.Task commit
INFO: Task attempt_local_0007_r_000000_0 is allowed to commit now
Aug 13, 2024 11:04:57 AM org.apache.hadoop.mapred.FileOutputCommitter commitTask
INFO: Saved output of task 'attempt_local_0007_r_000000_0' to file:/home/clemgi/4IF/stage/fuzzy-join_vernica-join/fuzzyjoin-0.0.2/data/pub-small/ridpairs-000
Aug 13, 2024 11:04:57 AM org.apache.hadoop.mapred.LocalJobRunner$Job statusUpdate
INFO: reduce > reduce
Aug 13, 2024 11:04:57 AM org.apache.hadoop.mapred.Task sendDone
INFO: Task 'attempt_local_0007_r_000000_0' done.
Aug 13, 2024 11:04:58 AM org.apache.hadoop.mapred.JobClient monitorAndPrintJob
INFO:  map 100% reduce 100%
Aug 13, 2024 11:04:58 AM org.apache.hadoop.mapred.JobClient monitorAndPrintJob
INFO: Job complete: job_local_0007
Aug 13, 2024 11:04:58 AM org.apache.hadoop.mapred.Counters log
INFO: Counters: 13
Aug 13, 2024 11:04:58 AM org.apache.hadoop.mapred.Counters log
INFO:   Map-Reduce Framework
Aug 13, 2024 11:04:58 AM org.apache.hadoop.mapred.Counters log
INFO:     Combine output records=0
Aug 13, 2024 11:04:58 AM org.apache.hadoop.mapred.Counters log
INFO:     Spilled Records=2162
Aug 13, 2024 11:04:58 AM org.apache.hadoop.mapred.Counters log
INFO:     Reduce input records=1081
Aug 13, 2024 11:04:58 AM org.apache.hadoop.mapred.Counters log
INFO:     Reduce output records=42
Aug 13, 2024 11:04:58 AM org.apache.hadoop.mapred.Counters log
INFO:     Map input records=200
Aug 13, 2024 11:04:58 AM org.apache.hadoop.mapred.Counters log
INFO:     Map output records=1081
Aug 13, 2024 11:04:58 AM org.apache.hadoop.mapred.Counters log
INFO:     Map output bytes=84872
Aug 13, 2024 11:04:58 AM org.apache.hadoop.mapred.Counters log
INFO:     Reduce shuffle bytes=0
Aug 13, 2024 11:04:58 AM org.apache.hadoop.mapred.Counters log
INFO:     Combine input records=0
Aug 13, 2024 11:04:58 AM org.apache.hadoop.mapred.Counters log
INFO:     Map input bytes=179274
Aug 13, 2024 11:04:58 AM org.apache.hadoop.mapred.Counters log
INFO:     Reduce input groups=565
Aug 13, 2024 11:04:58 AM org.apache.hadoop.mapred.Counters log
INFO:   FileSystemCounters
Aug 13, 2024 11:04:58 AM org.apache.hadoop.mapred.Counters log
INFO:     FILE_BYTES_WRITTEN=2322791
Aug 13, 2024 11:04:58 AM org.apache.hadoop.mapred.Counters log
INFO:     FILE_BYTES_READ=2993294
]]></system-err>
  </testcase>
  <testcase name="test300" classname="edu.uci.ics.fuzzyjoin.hadoop.test.FuzzyRSJoinTest" time="2.063">
    <system-out><![CDATA[Multi-Job started: Tue Aug 13 11:04:58 CEST 2024
FuzzyJoinDriver(RecordPairsBasic.phase1)
  Input Path:  {file:/home/clemgi/4IF/stage/fuzzy-join_vernica-join/fuzzyjoin-0.0.2/data/pub-small/records.dblp-000
                file:/home/clemgi/4IF/stage/fuzzy-join_vernica-join/fuzzyjoin-0.0.2/data/pub-small/records.csx-000
                file:/home/clemgi/4IF/stage/fuzzy-join_vernica-join/fuzzyjoin-0.0.2/data/pub-small/ridpairs-000}
  Output Path: file:/home/clemgi/4IF/stage/fuzzy-join_vernica-join/fuzzyjoin-0.0.2/data/pub-small/recordpairs.phase1-000
  Map Jobs:    2
  Reduce Jobs: 1
  Properties:  {fuzzyjoin.similarity.name=Jaccard
                fuzzyjoin.similarity.threshold=0.5
                fuzzyjoin.tokenizer=Word
                fuzzyjoin.tokens.package=Scalar
                fuzzyjoin.tokens.lengthstats=false
                fuzzyjoin.ridpairs.group.class=TokenIdentity
                fuzzyjoin.ridpairs.group.factor=1
                fuzzyjoin.data.tokens=
                fuzzyjoin.data.joinindex=}
Job started: Tue Aug 13 11:04:58 CEST 2024
Job ended: Tue Aug 13 11:04:59 CEST 2024
The job took 1.03 seconds.
FuzzyJoinDriver(RecordPairsBasic.phase2)
  Input Path:  {file:/home/clemgi/4IF/stage/fuzzy-join_vernica-join/fuzzyjoin-0.0.2/data/pub-small/recordpairs.phase1-000}
  Output Path: file:/home/clemgi/4IF/stage/fuzzy-join_vernica-join/fuzzyjoin-0.0.2/data/pub-small/recordpairs-000
  Map Jobs:    2
  Reduce Jobs: 1
  Properties:  {fuzzyjoin.similarity.name=Jaccard
                fuzzyjoin.similarity.threshold=0.5
                fuzzyjoin.tokenizer=Word
                fuzzyjoin.tokens.package=Scalar
                fuzzyjoin.tokens.lengthstats=false
                fuzzyjoin.ridpairs.group.class=TokenIdentity
                fuzzyjoin.ridpairs.group.factor=1
                fuzzyjoin.data.tokens=
                fuzzyjoin.data.joinindex=}
Job started: Tue Aug 13 11:04:59 CEST 2024
Job ended: Tue Aug 13 11:05:00 CEST 2024
The job took 1.019 seconds.
Multi-Job ended: Tue Aug 13 11:05:00 CEST 2024
The multi-job took 2.05 seconds.
]]></system-out>
    <system-err><![CDATA[Aug 13, 2024 11:04:58 AM org.apache.hadoop.metrics.jvm.JvmMetrics init
INFO: Cannot initialize JVM Metrics with processName=JobTracker, sessionId= - already initialized
Aug 13, 2024 11:04:58 AM org.apache.hadoop.mapred.JobClient configureCommandLineOptions
WARNING: No job jar file set.  User classes may not be found. See JobConf(Class) or JobConf#setJar(String).
Aug 13, 2024 11:04:58 AM org.apache.hadoop.mapred.FileInputFormat listStatus
INFO: Total input paths to process : 3
Aug 13, 2024 11:04:58 AM org.apache.hadoop.mapred.JobClient monitorAndPrintJob
INFO: Running job: job_local_0008
Aug 13, 2024 11:04:58 AM org.apache.hadoop.mapred.FileInputFormat listStatus
INFO: Total input paths to process : 3
Aug 13, 2024 11:04:58 AM org.apache.hadoop.mapred.MapTask runOldMapper
INFO: numReduceTasks: 1
Aug 13, 2024 11:04:58 AM org.apache.hadoop.mapred.MapTask$MapOutputBuffer <init>
INFO: io.sort.mb = 100
Aug 13, 2024 11:04:58 AM org.apache.hadoop.mapred.MapTask$MapOutputBuffer <init>
INFO: data buffer = 79691776/99614720
Aug 13, 2024 11:04:58 AM org.apache.hadoop.mapred.MapTask$MapOutputBuffer <init>
INFO: record buffer = 262144/327680
Aug 13, 2024 11:04:58 AM org.apache.hadoop.mapred.MapTask$MapOutputBuffer flush
INFO: Starting flush of map output
Aug 13, 2024 11:04:58 AM org.apache.hadoop.mapred.MapTask$MapOutputBuffer sortAndSpill
INFO: Finished spill 0
Aug 13, 2024 11:04:58 AM org.apache.hadoop.mapred.Task done
INFO: Task:attempt_local_0008_m_000000_0 is done. And is in the process of commiting
Aug 13, 2024 11:04:58 AM org.apache.hadoop.mapred.LocalJobRunner$Job statusUpdate
INFO: file:/home/clemgi/4IF/stage/fuzzy-join_vernica-join/fuzzyjoin-0.0.2/data/pub-small/records.dblp-000/part-00000:0+36687
Aug 13, 2024 11:04:58 AM org.apache.hadoop.mapred.Task sendDone
INFO: Task 'attempt_local_0008_m_000000_0' done.
Aug 13, 2024 11:04:58 AM org.apache.hadoop.mapred.MapTask runOldMapper
INFO: numReduceTasks: 1
Aug 13, 2024 11:04:58 AM org.apache.hadoop.mapred.MapTask$MapOutputBuffer <init>
INFO: io.sort.mb = 100
Aug 13, 2024 11:04:58 AM org.apache.hadoop.mapred.MapTask$MapOutputBuffer <init>
INFO: data buffer = 79691776/99614720
Aug 13, 2024 11:04:58 AM org.apache.hadoop.mapred.MapTask$MapOutputBuffer <init>
INFO: record buffer = 262144/327680
Aug 13, 2024 11:04:58 AM org.apache.hadoop.mapred.MapTask$MapOutputBuffer flush
INFO: Starting flush of map output
Aug 13, 2024 11:04:58 AM org.apache.hadoop.mapred.MapTask$MapOutputBuffer sortAndSpill
INFO: Finished spill 0
Aug 13, 2024 11:04:58 AM org.apache.hadoop.mapred.Task done
INFO: Task:attempt_local_0008_m_000001_0 is done. And is in the process of commiting
Aug 13, 2024 11:04:58 AM org.apache.hadoop.mapred.LocalJobRunner$Job statusUpdate
INFO: file:/home/clemgi/4IF/stage/fuzzy-join_vernica-join/fuzzyjoin-0.0.2/data/pub-small/records.csx-000/part-00000:0+142587
Aug 13, 2024 11:04:58 AM org.apache.hadoop.mapred.Task sendDone
INFO: Task 'attempt_local_0008_m_000001_0' done.
Aug 13, 2024 11:04:58 AM org.apache.hadoop.mapred.MapTask runOldMapper
INFO: numReduceTasks: 1
Aug 13, 2024 11:04:58 AM org.apache.hadoop.mapred.MapTask$MapOutputBuffer <init>
INFO: io.sort.mb = 100
Aug 13, 2024 11:04:58 AM org.apache.hadoop.mapred.MapTask$MapOutputBuffer <init>
INFO: data buffer = 79691776/99614720
Aug 13, 2024 11:04:58 AM org.apache.hadoop.mapred.MapTask$MapOutputBuffer <init>
INFO: record buffer = 262144/327680
Aug 13, 2024 11:04:58 AM org.apache.hadoop.mapred.MapTask$MapOutputBuffer flush
INFO: Starting flush of map output
Aug 13, 2024 11:04:58 AM org.apache.hadoop.mapred.MapTask$MapOutputBuffer sortAndSpill
INFO: Finished spill 0
Aug 13, 2024 11:04:58 AM org.apache.hadoop.mapred.Task done
INFO: Task:attempt_local_0008_m_000002_0 is done. And is in the process of commiting
Aug 13, 2024 11:04:58 AM org.apache.hadoop.mapred.LocalJobRunner$Job statusUpdate
INFO: file:/home/clemgi/4IF/stage/fuzzy-join_vernica-join/fuzzyjoin-0.0.2/data/pub-small/ridpairs-000/part-00000:0+501
Aug 13, 2024 11:04:58 AM org.apache.hadoop.mapred.Task sendDone
INFO: Task 'attempt_local_0008_m_000002_0' done.
Aug 13, 2024 11:04:58 AM org.apache.hadoop.mapred.LocalJobRunner$Job statusUpdate
INFO: 
Aug 13, 2024 11:04:58 AM org.apache.hadoop.mapred.Merger$MergeQueue merge
INFO: Merging 3 sorted segments
Aug 13, 2024 11:04:58 AM org.apache.hadoop.mapred.Merger$MergeQueue merge
INFO: Down to the last merge-pass, with 3 segments left of total size: 184682 bytes
Aug 13, 2024 11:04:58 AM org.apache.hadoop.mapred.LocalJobRunner$Job statusUpdate
INFO: 
Aug 13, 2024 11:04:58 AM org.apache.hadoop.mapred.Task done
INFO: Task:attempt_local_0008_r_000000_0 is done. And is in the process of commiting
Aug 13, 2024 11:04:58 AM org.apache.hadoop.mapred.LocalJobRunner$Job statusUpdate
INFO: 
Aug 13, 2024 11:04:58 AM org.apache.hadoop.mapred.Task commit
INFO: Task attempt_local_0008_r_000000_0 is allowed to commit now
Aug 13, 2024 11:04:58 AM org.apache.hadoop.mapred.FileOutputCommitter commitTask
INFO: Saved output of task 'attempt_local_0008_r_000000_0' to file:/home/clemgi/4IF/stage/fuzzy-join_vernica-join/fuzzyjoin-0.0.2/data/pub-small/recordpairs.phase1-000
Aug 13, 2024 11:04:58 AM org.apache.hadoop.mapred.LocalJobRunner$Job statusUpdate
INFO: reduce > reduce
Aug 13, 2024 11:04:58 AM org.apache.hadoop.mapred.Task sendDone
INFO: Task 'attempt_local_0008_r_000000_0' done.
Aug 13, 2024 11:04:59 AM org.apache.hadoop.mapred.JobClient monitorAndPrintJob
INFO:  map 100% reduce 100%
Aug 13, 2024 11:04:59 AM org.apache.hadoop.mapred.JobClient monitorAndPrintJob
INFO: Job complete: job_local_0008
Aug 13, 2024 11:04:59 AM org.apache.hadoop.mapred.Counters log
INFO: Counters: 13
Aug 13, 2024 11:04:59 AM org.apache.hadoop.mapred.Counters log
INFO:   Map-Reduce Framework
Aug 13, 2024 11:04:59 AM org.apache.hadoop.mapred.Counters log
INFO:     Combine output records=0
Aug 13, 2024 11:04:59 AM org.apache.hadoop.mapred.Counters log
INFO:     Spilled Records=568
Aug 13, 2024 11:04:59 AM org.apache.hadoop.mapred.Counters log
INFO:     Reduce input records=284
Aug 13, 2024 11:04:59 AM org.apache.hadoop.mapred.Counters log
INFO:     Reduce output records=12
Aug 13, 2024 11:04:59 AM org.apache.hadoop.mapred.Counters log
INFO:     Map input records=242
Aug 13, 2024 11:04:59 AM org.apache.hadoop.mapred.Counters log
INFO:     Map output records=284
Aug 13, 2024 11:04:59 AM org.apache.hadoop.mapred.Counters log
INFO:     Map output bytes=183788
Aug 13, 2024 11:04:59 AM org.apache.hadoop.mapred.Counters log
INFO:     Reduce shuffle bytes=0
Aug 13, 2024 11:04:59 AM org.apache.hadoop.mapred.Counters log
INFO:     Combine input records=0
Aug 13, 2024 11:04:59 AM org.apache.hadoop.mapred.Counters log
INFO:     Map input bytes=179775
Aug 13, 2024 11:04:59 AM org.apache.hadoop.mapred.Counters log
INFO:     Reduce input groups=200
Aug 13, 2024 11:04:59 AM org.apache.hadoop.mapred.Counters log
INFO:   FileSystemCounters
Aug 13, 2024 11:04:59 AM org.apache.hadoop.mapred.Counters log
INFO:     FILE_BYTES_WRITTEN=3859092
Aug 13, 2024 11:04:59 AM org.apache.hadoop.mapred.Counters log
INFO:     FILE_BYTES_READ=5237333
Aug 13, 2024 11:04:59 AM org.apache.hadoop.metrics.jvm.JvmMetrics init
INFO: Cannot initialize JVM Metrics with processName=JobTracker, sessionId= - already initialized
Aug 13, 2024 11:04:59 AM org.apache.hadoop.mapred.JobClient configureCommandLineOptions
WARNING: No job jar file set.  User classes may not be found. See JobConf(Class) or JobConf#setJar(String).
Aug 13, 2024 11:04:59 AM org.apache.hadoop.mapred.FileInputFormat listStatus
INFO: Total input paths to process : 1
Aug 13, 2024 11:04:59 AM org.apache.hadoop.mapred.JobClient monitorAndPrintJob
INFO: Running job: job_local_0009
Aug 13, 2024 11:04:59 AM org.apache.hadoop.mapred.FileInputFormat listStatus
INFO: Total input paths to process : 1
Aug 13, 2024 11:04:59 AM org.apache.hadoop.mapred.MapTask runOldMapper
INFO: numReduceTasks: 1
Aug 13, 2024 11:04:59 AM org.apache.hadoop.mapred.MapTask$MapOutputBuffer <init>
INFO: io.sort.mb = 100
Aug 13, 2024 11:04:59 AM org.apache.hadoop.mapred.MapTask$MapOutputBuffer <init>
INFO: data buffer = 79691776/99614720
Aug 13, 2024 11:04:59 AM org.apache.hadoop.mapred.MapTask$MapOutputBuffer <init>
INFO: record buffer = 262144/327680
Aug 13, 2024 11:04:59 AM org.apache.hadoop.mapred.MapTask$MapOutputBuffer flush
INFO: Starting flush of map output
Aug 13, 2024 11:04:59 AM org.apache.hadoop.mapred.MapTask$MapOutputBuffer sortAndSpill
INFO: Finished spill 0
Aug 13, 2024 11:04:59 AM org.apache.hadoop.mapred.Task done
INFO: Task:attempt_local_0009_m_000000_0 is done. And is in the process of commiting
Aug 13, 2024 11:04:59 AM org.apache.hadoop.mapred.LocalJobRunner$Job statusUpdate
INFO: file:/home/clemgi/4IF/stage/fuzzy-join_vernica-join/fuzzyjoin-0.0.2/data/pub-small/recordpairs.phase1-000/part-00000:0+17097
Aug 13, 2024 11:04:59 AM org.apache.hadoop.mapred.Task sendDone
INFO: Task 'attempt_local_0009_m_000000_0' done.
Aug 13, 2024 11:04:59 AM org.apache.hadoop.mapred.LocalJobRunner$Job statusUpdate
INFO: 
Aug 13, 2024 11:04:59 AM org.apache.hadoop.mapred.Merger$MergeQueue merge
INFO: Merging 1 sorted segments
Aug 13, 2024 11:04:59 AM org.apache.hadoop.mapred.Merger$MergeQueue merge
INFO: Down to the last merge-pass, with 1 segments left of total size: 16847 bytes
Aug 13, 2024 11:04:59 AM org.apache.hadoop.mapred.LocalJobRunner$Job statusUpdate
INFO: 
Aug 13, 2024 11:04:59 AM org.apache.hadoop.mapred.Task done
INFO: Task:attempt_local_0009_r_000000_0 is done. And is in the process of commiting
Aug 13, 2024 11:04:59 AM org.apache.hadoop.mapred.LocalJobRunner$Job statusUpdate
INFO: 
Aug 13, 2024 11:04:59 AM org.apache.hadoop.mapred.Task commit
INFO: Task attempt_local_0009_r_000000_0 is allowed to commit now
Aug 13, 2024 11:04:59 AM org.apache.hadoop.mapred.FileOutputCommitter commitTask
INFO: Saved output of task 'attempt_local_0009_r_000000_0' to file:/home/clemgi/4IF/stage/fuzzy-join_vernica-join/fuzzyjoin-0.0.2/data/pub-small/recordpairs-000
Aug 13, 2024 11:04:59 AM org.apache.hadoop.mapred.LocalJobRunner$Job statusUpdate
INFO: reduce > reduce
Aug 13, 2024 11:04:59 AM org.apache.hadoop.mapred.Task sendDone
INFO: Task 'attempt_local_0009_r_000000_0' done.
Aug 13, 2024 11:05:00 AM org.apache.hadoop.mapred.JobClient monitorAndPrintJob
INFO:  map 100% reduce 100%
Aug 13, 2024 11:05:00 AM org.apache.hadoop.mapred.JobClient monitorAndPrintJob
INFO: Job complete: job_local_0009
Aug 13, 2024 11:05:00 AM org.apache.hadoop.mapred.Counters log
INFO: Counters: 13
Aug 13, 2024 11:05:00 AM org.apache.hadoop.mapred.Counters log
INFO:   Map-Reduce Framework
Aug 13, 2024 11:05:00 AM org.apache.hadoop.mapred.Counters log
INFO:     Combine output records=0
Aug 13, 2024 11:05:00 AM org.apache.hadoop.mapred.Counters log
INFO:     Spilled Records=24
Aug 13, 2024 11:05:00 AM org.apache.hadoop.mapred.Counters log
INFO:     Reduce input records=12
Aug 13, 2024 11:05:00 AM org.apache.hadoop.mapred.Counters log
INFO:     Reduce output records=6
Aug 13, 2024 11:05:00 AM org.apache.hadoop.mapred.Counters log
INFO:     Map input records=12
Aug 13, 2024 11:05:00 AM org.apache.hadoop.mapred.Counters log
INFO:     Map output records=12
Aug 13, 2024 11:05:00 AM org.apache.hadoop.mapred.Counters log
INFO:     Map output bytes=16802
Aug 13, 2024 11:05:00 AM org.apache.hadoop.mapred.Counters log
INFO:     Reduce shuffle bytes=0
Aug 13, 2024 11:05:00 AM org.apache.hadoop.mapred.Counters log
INFO:     Combine input records=0
Aug 13, 2024 11:05:00 AM org.apache.hadoop.mapred.Counters log
INFO:     Map input bytes=16998
Aug 13, 2024 11:05:00 AM org.apache.hadoop.mapred.Counters log
INFO:     Reduce input groups=6
Aug 13, 2024 11:05:00 AM org.apache.hadoop.mapred.Counters log
INFO:   FileSystemCounters
Aug 13, 2024 11:05:00 AM org.apache.hadoop.mapred.Counters log
INFO:     FILE_BYTES_WRITTEN=2137417
Aug 13, 2024 11:05:00 AM org.apache.hadoop.mapred.Counters log
INFO:     FILE_BYTES_READ=3047335
]]></system-err>
  </testcase>
  <testcase name="test310" classname="edu.uci.ics.fuzzyjoin.hadoop.test.FuzzyRSJoinTest" time="1.07">
    <system-out><![CDATA[FuzzyJoinDriver(RecordPairsImproved)
  Input Path:  {file:/home/clemgi/4IF/stage/fuzzy-join_vernica-join/fuzzyjoin-0.0.2/data/pub-small/records.dblp-000
                file:/home/clemgi/4IF/stage/fuzzy-join_vernica-join/fuzzyjoin-0.0.2/data/pub-small/records.csx-000}
  Output Path: file:/home/clemgi/4IF/stage/fuzzy-join_vernica-join/fuzzyjoin-0.0.2/data/pub-small/recordpairs-000
  Map Jobs:    2
  Reduce Jobs: 1
  Properties:  {fuzzyjoin.similarity.name=Jaccard
                fuzzyjoin.similarity.threshold=0.5
                fuzzyjoin.tokenizer=Word
                fuzzyjoin.tokens.package=Scalar
                fuzzyjoin.tokens.lengthstats=false
                fuzzyjoin.ridpairs.group.class=TokenIdentity
                fuzzyjoin.ridpairs.group.factor=1
                fuzzyjoin.data.tokens=
                fuzzyjoin.data.joinindex=../data/pub-small/ridpairs-000/part-00000}
Job started: Tue Aug 13 11:05:00 CEST 2024
Job ended: Tue Aug 13 11:05:01 CEST 2024
The job took 1.066 seconds.
]]></system-out>
    <system-err><![CDATA[Aug 13, 2024 11:05:00 AM org.apache.hadoop.metrics.jvm.JvmMetrics init
INFO: Cannot initialize JVM Metrics with processName=JobTracker, sessionId= - already initialized
Aug 13, 2024 11:05:00 AM org.apache.hadoop.mapred.JobClient configureCommandLineOptions
WARNING: No job jar file set.  User classes may not be found. See JobConf(Class) or JobConf#setJar(String).
Aug 13, 2024 11:05:00 AM org.apache.hadoop.mapred.FileInputFormat listStatus
INFO: Total input paths to process : 2
Aug 13, 2024 11:05:00 AM org.apache.hadoop.mapred.JobClient monitorAndPrintJob
INFO: Running job: job_local_0010
Aug 13, 2024 11:05:00 AM org.apache.hadoop.mapred.FileInputFormat listStatus
INFO: Total input paths to process : 2
Aug 13, 2024 11:05:00 AM org.apache.hadoop.mapred.MapTask runOldMapper
INFO: numReduceTasks: 1
Aug 13, 2024 11:05:00 AM org.apache.hadoop.mapred.MapTask$MapOutputBuffer <init>
INFO: io.sort.mb = 100
Aug 13, 2024 11:05:00 AM org.apache.hadoop.mapred.MapTask$MapOutputBuffer <init>
INFO: data buffer = 79691776/99614720
Aug 13, 2024 11:05:00 AM org.apache.hadoop.mapred.MapTask$MapOutputBuffer <init>
INFO: record buffer = 262144/327680
Aug 13, 2024 11:05:00 AM edu.uci.ics.fuzzyjoin.hadoop.recordpairs.MapBroadcastJoin configure
INFO: Configure START
Aug 13, 2024 11:05:00 AM edu.uci.ics.fuzzyjoin.hadoop.recordpairs.MapBroadcastJoin configure
INFO: Configure END
Aug 13, 2024 11:05:00 AM org.apache.hadoop.mapred.MapTask$MapOutputBuffer flush
INFO: Starting flush of map output
Aug 13, 2024 11:05:00 AM org.apache.hadoop.mapred.MapTask$MapOutputBuffer sortAndSpill
INFO: Finished spill 0
Aug 13, 2024 11:05:00 AM org.apache.hadoop.mapred.Task done
INFO: Task:attempt_local_0010_m_000000_0 is done. And is in the process of commiting
Aug 13, 2024 11:05:00 AM org.apache.hadoop.mapred.LocalJobRunner$Job statusUpdate
INFO: file:/home/clemgi/4IF/stage/fuzzy-join_vernica-join/fuzzyjoin-0.0.2/data/pub-small/records.dblp-000/part-00000:0+36687
Aug 13, 2024 11:05:00 AM org.apache.hadoop.mapred.Task sendDone
INFO: Task 'attempt_local_0010_m_000000_0' done.
Aug 13, 2024 11:05:00 AM org.apache.hadoop.mapred.MapTask runOldMapper
INFO: numReduceTasks: 1
Aug 13, 2024 11:05:00 AM org.apache.hadoop.mapred.MapTask$MapOutputBuffer <init>
INFO: io.sort.mb = 100
Aug 13, 2024 11:05:00 AM org.apache.hadoop.mapred.MapTask$MapOutputBuffer <init>
INFO: data buffer = 79691776/99614720
Aug 13, 2024 11:05:00 AM org.apache.hadoop.mapred.MapTask$MapOutputBuffer <init>
INFO: record buffer = 262144/327680
Aug 13, 2024 11:05:00 AM edu.uci.ics.fuzzyjoin.hadoop.recordpairs.MapBroadcastJoin configure
INFO: Configure START
Aug 13, 2024 11:05:00 AM edu.uci.ics.fuzzyjoin.hadoop.recordpairs.MapBroadcastJoin configure
INFO: Configure END
Aug 13, 2024 11:05:00 AM org.apache.hadoop.mapred.MapTask$MapOutputBuffer flush
INFO: Starting flush of map output
Aug 13, 2024 11:05:00 AM org.apache.hadoop.mapred.MapTask$MapOutputBuffer sortAndSpill
INFO: Finished spill 0
Aug 13, 2024 11:05:00 AM org.apache.hadoop.mapred.Task done
INFO: Task:attempt_local_0010_m_000001_0 is done. And is in the process of commiting
Aug 13, 2024 11:05:00 AM org.apache.hadoop.mapred.LocalJobRunner$Job statusUpdate
INFO: file:/home/clemgi/4IF/stage/fuzzy-join_vernica-join/fuzzyjoin-0.0.2/data/pub-small/records.csx-000/part-00000:0+142587
Aug 13, 2024 11:05:00 AM org.apache.hadoop.mapred.Task sendDone
INFO: Task 'attempt_local_0010_m_000001_0' done.
Aug 13, 2024 11:05:00 AM org.apache.hadoop.mapred.LocalJobRunner$Job statusUpdate
INFO: 
Aug 13, 2024 11:05:00 AM org.apache.hadoop.mapred.Merger$MergeQueue merge
INFO: Merging 2 sorted segments
Aug 13, 2024 11:05:00 AM org.apache.hadoop.mapred.Merger$MergeQueue merge
INFO: Down to the last merge-pass, with 2 segments left of total size: 111579 bytes
Aug 13, 2024 11:05:00 AM org.apache.hadoop.mapred.LocalJobRunner$Job statusUpdate
INFO: 
Aug 13, 2024 11:05:00 AM org.apache.hadoop.mapred.Task done
INFO: Task:attempt_local_0010_r_000000_0 is done. And is in the process of commiting
Aug 13, 2024 11:05:00 AM org.apache.hadoop.mapred.LocalJobRunner$Job statusUpdate
INFO: 
Aug 13, 2024 11:05:00 AM org.apache.hadoop.mapred.Task commit
INFO: Task attempt_local_0010_r_000000_0 is allowed to commit now
Aug 13, 2024 11:05:00 AM org.apache.hadoop.mapred.FileOutputCommitter commitTask
INFO: Saved output of task 'attempt_local_0010_r_000000_0' to file:/home/clemgi/4IF/stage/fuzzy-join_vernica-join/fuzzyjoin-0.0.2/data/pub-small/recordpairs-000
Aug 13, 2024 11:05:00 AM org.apache.hadoop.mapred.LocalJobRunner$Job statusUpdate
INFO: reduce > reduce
Aug 13, 2024 11:05:00 AM org.apache.hadoop.mapred.Task sendDone
INFO: Task 'attempt_local_0010_r_000000_0' done.
Aug 13, 2024 11:05:01 AM org.apache.hadoop.mapred.JobClient monitorAndPrintJob
INFO:  map 100% reduce 100%
Aug 13, 2024 11:05:01 AM org.apache.hadoop.mapred.JobClient monitorAndPrintJob
INFO: Job complete: job_local_0010
Aug 13, 2024 11:05:01 AM org.apache.hadoop.mapred.Counters log
INFO: Counters: 13
Aug 13, 2024 11:05:01 AM org.apache.hadoop.mapred.Counters log
INFO:   Map-Reduce Framework
Aug 13, 2024 11:05:01 AM org.apache.hadoop.mapred.Counters log
INFO:     Combine output records=0
Aug 13, 2024 11:05:01 AM org.apache.hadoop.mapred.Counters log
INFO:     Spilled Records=168
Aug 13, 2024 11:05:01 AM org.apache.hadoop.mapred.Counters log
INFO:     Reduce input records=48
Aug 13, 2024 11:05:01 AM org.apache.hadoop.mapred.Counters log
INFO:     Reduce output records=6
Aug 13, 2024 11:05:01 AM org.apache.hadoop.mapred.Counters log
INFO:     Map input records=200
Aug 13, 2024 11:05:01 AM org.apache.hadoop.mapred.Counters log
INFO:     Map output records=84
Aug 13, 2024 11:05:01 AM org.apache.hadoop.mapred.Counters log
INFO:     Map output bytes=111270
Aug 13, 2024 11:05:01 AM org.apache.hadoop.mapred.Counters log
INFO:     Reduce shuffle bytes=0
Aug 13, 2024 11:05:01 AM org.apache.hadoop.mapred.Counters log
INFO:     Combine input records=0
Aug 13, 2024 11:05:01 AM org.apache.hadoop.mapred.Counters log
INFO:     Map input bytes=179274
Aug 13, 2024 11:05:01 AM org.apache.hadoop.mapred.Counters log
INFO:     Reduce input groups=6
Aug 13, 2024 11:05:01 AM org.apache.hadoop.mapred.Counters log
INFO:   FileSystemCounters
Aug 13, 2024 11:05:01 AM org.apache.hadoop.mapred.Counters log
INFO:     FILE_BYTES_WRITTEN=3572065
Aug 13, 2024 11:05:01 AM org.apache.hadoop.mapred.Counters log
INFO:     FILE_BYTES_READ=5149524
]]></system-err>
  </testcase>
  <testcase name="test010" classname="edu.uci.ics.fuzzyjoin.hadoop.test.FuzzyRSJoinTest" time="2.055">
    <system-out><![CDATA[[-Dfuzzyjoin.data.dir=../data/pub-small, -Dfuzzyjoin.record.data=2,3, -Dfuzzyjoin.record.data1=2,3, -Dfuzzyjoin.similarity.threshold=0.5, -Dfuzzyjoin.data.suffix.input=dblp]
FuzzyJoinDriver(RecordBuild)
  Input Path:  {file:/home/clemgi/4IF/stage/fuzzy-join_vernica-join/fuzzyjoin-0.0.2/data/pub-small/raw.dblp-000/*}
  Output Path: file:/home/clemgi/4IF/stage/fuzzy-join_vernica-join/fuzzyjoin-0.0.2/data/pub-small/recordsbulk.dblp-000
  Map Jobs:    2
  Reduce Jobs: 0
  Properties:  {fuzzyjoin.similarity.name=Jaccard
                fuzzyjoin.similarity.threshold=0.5
                fuzzyjoin.tokenizer=Word
                fuzzyjoin.tokens.package=Scalar
                fuzzyjoin.tokens.lengthstats=false
                fuzzyjoin.ridpairs.group.class=TokenIdentity
                fuzzyjoin.ridpairs.group.factor=1
                fuzzyjoin.data.tokens=
                fuzzyjoin.data.joinindex=}
Job started: Tue Aug 13 11:05:01 CEST 2024
Job ended: Tue Aug 13 11:05:02 CEST 2024
The job took 1.027 seconds.
[-Dfuzzyjoin.data.dir=../data/pub-small, -Dfuzzyjoin.record.data=2,3, -Dfuzzyjoin.record.data1=2,3, -Dfuzzyjoin.similarity.threshold=0.5, -Dfuzzyjoin.data.suffix.input=csx]
FuzzyJoinDriver(RecordBuild)
  Input Path:  {file:/home/clemgi/4IF/stage/fuzzy-join_vernica-join/fuzzyjoin-0.0.2/data/pub-small/raw.csx-000/*}
  Output Path: file:/home/clemgi/4IF/stage/fuzzy-join_vernica-join/fuzzyjoin-0.0.2/data/pub-small/recordsbulk.csx-000
  Map Jobs:    2
  Reduce Jobs: 0
  Properties:  {fuzzyjoin.similarity.name=Jaccard
                fuzzyjoin.similarity.threshold=0.5
                fuzzyjoin.tokenizer=Word
                fuzzyjoin.tokens.package=Scalar
                fuzzyjoin.tokens.lengthstats=false
                fuzzyjoin.ridpairs.group.class=TokenIdentity
                fuzzyjoin.ridpairs.group.factor=1
                fuzzyjoin.data.tokens=
                fuzzyjoin.data.joinindex=}
Job started: Tue Aug 13 11:05:02 CEST 2024
Job ended: Tue Aug 13 11:05:03 CEST 2024
The job took 1.018 seconds.
]]></system-out>
    <system-err><![CDATA[Aug 13, 2024 11:05:01 AM org.apache.hadoop.metrics.jvm.JvmMetrics init
INFO: Cannot initialize JVM Metrics with processName=JobTracker, sessionId= - already initialized
Aug 13, 2024 11:05:01 AM org.apache.hadoop.mapred.JobClient configureCommandLineOptions
WARNING: No job jar file set.  User classes may not be found. See JobConf(Class) or JobConf#setJar(String).
Aug 13, 2024 11:05:01 AM org.apache.hadoop.mapred.FileInputFormat listStatus
INFO: Total input paths to process : 1
Aug 13, 2024 11:05:01 AM org.apache.hadoop.mapred.JobClient monitorAndPrintJob
INFO: Running job: job_local_0011
Aug 13, 2024 11:05:01 AM org.apache.hadoop.mapred.FileInputFormat listStatus
INFO: Total input paths to process : 1
Aug 13, 2024 11:05:01 AM org.apache.hadoop.mapred.MapTask runOldMapper
INFO: numReduceTasks: 0
Aug 13, 2024 11:05:01 AM org.apache.hadoop.mapred.Task done
INFO: Task:attempt_local_0011_m_000000_0 is done. And is in the process of commiting
Aug 13, 2024 11:05:01 AM org.apache.hadoop.mapred.LocalJobRunner$Job statusUpdate
INFO: 
Aug 13, 2024 11:05:01 AM org.apache.hadoop.mapred.Task commit
INFO: Task attempt_local_0011_m_000000_0 is allowed to commit now
Aug 13, 2024 11:05:01 AM org.apache.hadoop.mapred.FileOutputCommitter commitTask
INFO: Saved output of task 'attempt_local_0011_m_000000_0' to file:/home/clemgi/4IF/stage/fuzzy-join_vernica-join/fuzzyjoin-0.0.2/data/pub-small/recordsbulk.dblp-000
Aug 13, 2024 11:05:01 AM org.apache.hadoop.mapred.LocalJobRunner$Job statusUpdate
INFO: file:/home/clemgi/4IF/stage/fuzzy-join_vernica-join/fuzzyjoin-0.0.2/data/pub-small/raw.dblp-000/part-00000:0+36395
Aug 13, 2024 11:05:01 AM org.apache.hadoop.mapred.Task sendDone
INFO: Task 'attempt_local_0011_m_000000_0' done.
Aug 13, 2024 11:05:02 AM org.apache.hadoop.mapred.JobClient monitorAndPrintJob
INFO:  map 100% reduce 0%
Aug 13, 2024 11:05:02 AM org.apache.hadoop.mapred.JobClient monitorAndPrintJob
INFO: Job complete: job_local_0011
Aug 13, 2024 11:05:02 AM org.apache.hadoop.mapred.Counters log
INFO: Counters: 6
Aug 13, 2024 11:05:02 AM org.apache.hadoop.mapred.Counters log
INFO:   Map-Reduce Framework
Aug 13, 2024 11:05:02 AM org.apache.hadoop.mapred.Counters log
INFO:     Spilled Records=0
Aug 13, 2024 11:05:02 AM org.apache.hadoop.mapred.Counters log
INFO:     Map input records=100
Aug 13, 2024 11:05:02 AM org.apache.hadoop.mapred.Counters log
INFO:     Map output records=100
Aug 13, 2024 11:05:02 AM org.apache.hadoop.mapred.Counters log
INFO:     Map input bytes=36395
Aug 13, 2024 11:05:02 AM org.apache.hadoop.mapred.Counters log
INFO:   FileSystemCounters
Aug 13, 2024 11:05:02 AM org.apache.hadoop.mapred.Counters log
INFO:     FILE_BYTES_WRITTEN=1299644
Aug 13, 2024 11:05:02 AM org.apache.hadoop.mapred.Counters log
INFO:     FILE_BYTES_READ=1888619
Aug 13, 2024 11:05:02 AM org.apache.hadoop.metrics.jvm.JvmMetrics init
INFO: Cannot initialize JVM Metrics with processName=JobTracker, sessionId= - already initialized
Aug 13, 2024 11:05:02 AM org.apache.hadoop.mapred.JobClient configureCommandLineOptions
WARNING: No job jar file set.  User classes may not be found. See JobConf(Class) or JobConf#setJar(String).
Aug 13, 2024 11:05:02 AM org.apache.hadoop.mapred.FileInputFormat listStatus
INFO: Total input paths to process : 1
Aug 13, 2024 11:05:02 AM org.apache.hadoop.mapred.JobClient monitorAndPrintJob
INFO: Running job: job_local_0012
Aug 13, 2024 11:05:02 AM org.apache.hadoop.mapred.FileInputFormat listStatus
INFO: Total input paths to process : 1
Aug 13, 2024 11:05:02 AM org.apache.hadoop.mapred.MapTask runOldMapper
INFO: numReduceTasks: 0
Aug 13, 2024 11:05:02 AM org.apache.hadoop.mapred.Task done
INFO: Task:attempt_local_0012_m_000000_0 is done. And is in the process of commiting
Aug 13, 2024 11:05:02 AM org.apache.hadoop.mapred.LocalJobRunner$Job statusUpdate
INFO: 
Aug 13, 2024 11:05:02 AM org.apache.hadoop.mapred.Task commit
INFO: Task attempt_local_0012_m_000000_0 is allowed to commit now
Aug 13, 2024 11:05:02 AM org.apache.hadoop.mapred.FileOutputCommitter commitTask
INFO: Saved output of task 'attempt_local_0012_m_000000_0' to file:/home/clemgi/4IF/stage/fuzzy-join_vernica-join/fuzzyjoin-0.0.2/data/pub-small/recordsbulk.csx-000
Aug 13, 2024 11:05:02 AM org.apache.hadoop.mapred.LocalJobRunner$Job statusUpdate
INFO: file:/home/clemgi/4IF/stage/fuzzy-join_vernica-join/fuzzyjoin-0.0.2/data/pub-small/raw.csx-000/part-00000:0+142295
Aug 13, 2024 11:05:02 AM org.apache.hadoop.mapred.Task sendDone
INFO: Task 'attempt_local_0012_m_000000_0' done.
Aug 13, 2024 11:05:03 AM org.apache.hadoop.mapred.JobClient monitorAndPrintJob
INFO:  map 100% reduce 0%
Aug 13, 2024 11:05:03 AM org.apache.hadoop.mapred.JobClient monitorAndPrintJob
INFO: Job complete: job_local_0012
Aug 13, 2024 11:05:03 AM org.apache.hadoop.mapred.Counters log
INFO: Counters: 6
Aug 13, 2024 11:05:03 AM org.apache.hadoop.mapred.Counters log
INFO:   Map-Reduce Framework
Aug 13, 2024 11:05:03 AM org.apache.hadoop.mapred.Counters log
INFO:     Spilled Records=0
Aug 13, 2024 11:05:03 AM org.apache.hadoop.mapred.Counters log
INFO:     Map input records=100
Aug 13, 2024 11:05:03 AM org.apache.hadoop.mapred.Counters log
INFO:     Map output records=100
Aug 13, 2024 11:05:03 AM org.apache.hadoop.mapred.Counters log
INFO:     Map input bytes=142295
Aug 13, 2024 11:05:03 AM org.apache.hadoop.mapred.Counters log
INFO:   FileSystemCounters
Aug 13, 2024 11:05:03 AM org.apache.hadoop.mapred.Counters log
INFO:     FILE_BYTES_WRITTEN=1470744
Aug 13, 2024 11:05:03 AM org.apache.hadoop.mapred.Counters log
INFO:     FILE_BYTES_READ=2044332
]]></system-err>
  </testcase>
</testsuite>